2018-02-09 21:45:28,156 [9] INFO  WearinessExam.exe - =====================================================================================
2018-02-09 21:45:28,157 [9] INFO  WearinessExam.exe - =============================     应用程序启动      =================================
2018-02-09 21:45:28,157 [9] INFO  WearinessExam.exe - =====================================================================================
2018-02-09 21:45:45,888 [9] INFO  WearinessExam.exe - 用户:admin登录系统.
2018-02-09 21:45:52,409 [11] INFO  WearinessExam.exe - 自检成功!
2018-02-09 21:46:07,309 [9] ERROR WearinessExam.exe - 设备停止失败!
2018-02-09 21:46:07,309 [9] ERROR WearinessExam.exe - 退出系统,关闭设备失败!
2018-02-09 21:46:07,309 [9] INFO  WearinessExam.exe - =============================     应用程序关闭      ==================================
2018-02-09 21:47:45,959 [9] INFO  WearinessExam.exe - =====================================================================================
2018-02-09 21:47:45,960 [9] INFO  WearinessExam.exe - =============================     应用程序启动      =================================
2018-02-09 21:47:45,960 [9] INFO  WearinessExam.exe - =====================================================================================
2018-02-09 21:47:54,383 [9] INFO  WearinessExam.exe - 用户:admin登录系统.
2018-02-09 21:47:56,971 [11] INFO  WearinessExam.exe - 自检成功!
2018-02-09 21:48:11,717 [9] INFO  WearinessExam.exe - 访问受测员信息管理画面.
2018-02-09 21:48:26,370 [9] INFO  WearinessExam.exe - 访问用户信息管理画面.
2018-02-09 21:48:34,667 [9] ERROR WearinessExam.exe - 设备停止失败!
2018-02-09 21:48:34,667 [9] ERROR WearinessExam.exe - 退出系统,关闭设备失败!
2018-02-09 21:48:34,667 [9] INFO  WearinessExam.exe - =============================     应用程序关闭      ==================================
2018-02-09 21:49:52,610 [9] INFO  WearinessExam.exe - =====================================================================================
2018-02-09 21:49:52,610 [9] INFO  WearinessExam.exe - =============================     应用程序启动      =================================
2018-02-09 21:49:52,611 [9] INFO  WearinessExam.exe - =====================================================================================
2018-02-09 21:50:01,399 [9] INFO  WearinessExam.exe - 用户:admin登录系统.
2018-02-09 21:50:03,441 [11] INFO  WearinessExam.exe - 自检成功!
2018-02-09 21:50:12,737 [9] INFO  WearinessExam.exe - 访问受测员信息管理画面.
2018-02-09 21:50:15,701 [9] INFO  WearinessExam.exe - 访问用户信息管理画面.
2018-02-09 21:50:41,585 [9] ERROR WearinessExam.exe - 设备停止失败!
2018-02-09 21:50:41,585 [9] ERROR WearinessExam.exe - 退出系统,关闭设备失败!
2018-02-09 21:50:41,585 [9] INFO  WearinessExam.exe - =============================     应用程序关闭      ==================================
2018-02-09 21:51:44,354 [9] INFO  WearinessExam.exe - =====================================================================================
2018-02-09 21:51:44,357 [9] INFO  WearinessExam.exe - =============================     应用程序启动      =================================
2018-02-09 21:51:44,357 [9] INFO  WearinessExam.exe - =====================================================================================
2018-02-09 21:51:51,125 [9] INFO  WearinessExam.exe - 用户:admin登录系统.
2018-02-09 21:51:53,543 [11] INFO  WearinessExam.exe - 自检成功!
2018-02-09 21:52:00,300 [9] INFO  WearinessExam.exe - 访问用户信息管理画面.
2018-02-09 21:52:03,628 [9] INFO  WearinessExam.exe - 访问受测员信息管理画面.
2018-02-09 21:52:07,644 [9] ERROR WearinessExam.exe - 设备停止失败!
2018-02-09 21:52:07,644 [9] ERROR WearinessExam.exe - 退出系统,关闭设备失败!
2018-02-09 21:52:07,644 [9] INFO  WearinessExam.exe - =============================     应用程序关闭      ==================================
2018-02-09 21:52:42,573 [9] INFO  WearinessExam.exe - =====================================================================================
2018-02-09 21:52:42,574 [9] INFO  WearinessExam.exe - =============================     应用程序启动      =================================
2018-02-09 21:52:42,574 [9] INFO  WearinessExam.exe - =====================================================================================
2018-02-09 21:52:47,885 [9] INFO  WearinessExam.exe - 用户:admin登录系统.
2018-02-09 21:53:03,871 [9] ERROR WearinessExam.exe - 设备停止失败!
2018-02-09 21:53:03,871 [9] ERROR WearinessExam.exe - 退出系统,关闭设备失败!
2018-02-09 21:53:03,871 [9] INFO  WearinessExam.exe - =============================     应用程序关闭      ==================================
2018-02-09 21:53:08,932 [10] INFO  WearinessExam.exe - =====================================================================================
2018-02-09 21:53:08,933 [10] INFO  WearinessExam.exe - =============================     应用程序启动      =================================
2018-02-09 21:53:08,933 [10] INFO  WearinessExam.exe - =====================================================================================
2018-02-09 21:53:14,095 [10] INFO  WearinessExam.exe - 用户:admin登录系统.
2018-02-09 21:53:19,531 [6] INFO  WearinessExam.exe - 自检成功!
2018-02-09 21:53:25,942 [10] INFO  WearinessExam.exe - 访问受测员信息管理画面.
2018-02-09 21:53:28,885 [10] INFO  WearinessExam.exe - 访问用户信息管理画面.
2018-02-09 21:53:31,762 [10] INFO  WearinessExam.exe - 访问受测员信息管理画面.
2018-02-09 21:53:39,748 [10] ERROR WearinessExam.exe - 设备停止失败!
2018-02-09 21:53:39,748 [10] ERROR WearinessExam.exe - 退出系统,关闭设备失败!
2018-02-09 21:53:39,748 [10] INFO  WearinessExam.exe - =============================     应用程序关闭      ==================================
2018-02-09 21:55:18,325 [9] INFO  WearinessExam.exe - =====================================================================================
2018-02-09 21:55:18,326 [9] INFO  WearinessExam.exe - =============================     应用程序启动      =================================
2018-02-09 21:55:18,326 [9] INFO  WearinessExam.exe - =====================================================================================
2018-02-09 21:55:23,715 [9] INFO  WearinessExam.exe - 用户:admin登录系统.
2018-02-09 21:55:26,524 [11] INFO  WearinessExam.exe - 自检成功!
2018-02-09 21:55:28,513 [9] INFO  WearinessExam.exe - 访问用户信息管理画面.
2018-02-09 21:55:31,585 [9] INFO  WearinessExam.exe - 访问受测员信息管理画面.
2018-02-09 21:55:41,237 [9] ERROR WearinessExam.exe - 设备停止失败!
2018-02-09 21:55:41,237 [9] ERROR WearinessExam.exe - 退出系统,关闭设备失败!
2018-02-09 21:55:41,237 [9] INFO  WearinessExam.exe - =============================     应用程序关闭      ==================================
