2018-12-02 22:54:52,155 [9] INFO  WearinessExam.exe - =====================================================================================
2018-12-02 22:54:52,156 [9] INFO  WearinessExam.exe - =============================     应用程序启动      =================================
2018-12-02 22:54:52,156 [9] INFO  WearinessExam.exe - =====================================================================================
2018-12-02 22:54:59,530 [9] INFO  WearinessExam.exe - 用户:admin登录系统.
2018-12-02 22:55:29,042 [9] INFO  WearinessExam.exe - 受测员 ID=P0001 原始数据不存在。
2018-12-02 22:55:31,141 [9] INFO  WearinessExam.exe - 受测员 ID=P0001 原始数据不存在。
2018-12-02 22:55:33,566 [9] INFO  WearinessExam.exe - 受测员 ID=P0001 原始数据不存在。
2018-12-02 22:55:34,060 [9] INFO  WearinessExam.exe - 受测员 ID=P0001 原始数据不存在。
2018-12-02 22:57:09,623 [9] FATAL WearinessExam.exe - “WearinessExam.Examination.DeviceFacade”的类型初始值设定项引发异常。
2018-12-02 23:40:40,345 [9] INFO  WearinessExam.exe - =====================================================================================
2018-12-02 23:40:40,347 [9] INFO  WearinessExam.exe - =============================     应用程序启动      =================================
2018-12-02 23:40:40,347 [9] INFO  WearinessExam.exe - =====================================================================================
2018-12-02 23:40:52,157 [9] INFO  WearinessExam.exe - 用户:admin登录系统.
2018-12-02 23:41:33,704 [9] FATAL WearinessExam.exe - “WearinessExam.Examination.DeviceFacade”的类型初始值设定项引发异常。
2018-12-02 23:42:02,917 [9] INFO  WearinessExam.exe - =====================================================================================
2018-12-02 23:42:02,918 [9] INFO  WearinessExam.exe - =============================     应用程序启动      =================================
2018-12-02 23:42:02,918 [9] INFO  WearinessExam.exe - =====================================================================================
2018-12-02 23:42:12,862 [9] INFO  WearinessExam.exe - 用户:admin登录系统.
2018-12-02 23:43:10,528 [9] FATAL WearinessExam.exe - “WearinessExam.Examination.DeviceFacade”的类型初始值设定项引发异常。
2018-12-02 23:43:32,330 [10] INFO  WearinessExam.exe - =====================================================================================
2018-12-02 23:43:32,332 [10] INFO  WearinessExam.exe - =============================     应用程序启动      =================================
2018-12-02 23:43:32,332 [10] INFO  WearinessExam.exe - =====================================================================================
2018-12-02 23:43:43,398 [10] FATAL WearinessExam.exe - “WearinessExam.Examination.DeviceFacade”的类型初始值设定项引发异常。
2018-12-02 23:45:30,799 [9] INFO  WearinessExam.exe - =====================================================================================
2018-12-02 23:45:30,801 [9] INFO  WearinessExam.exe - =============================     应用程序启动      =================================
2018-12-02 23:45:30,801 [9] INFO  WearinessExam.exe - =====================================================================================
2018-12-02 23:45:37,742 [9] INFO  WearinessExam.exe - 用户:admin登录系统.
2018-12-02 23:45:55,318 [9] INFO  WearinessExam.exe - 受测员 ID=P0001 原始数据不存在。
2018-12-02 23:45:58,456 [9] INFO  WearinessExam.exe - 受测员 ID=P0001 原始数据不存在。
2018-12-02 23:46:00,392 [9] INFO  WearinessExam.exe - 受测员 ID=P0001 原始数据不存在。
2018-12-02 23:46:01,537 [9] INFO  WearinessExam.exe - 受测员 ID=P0001 原始数据不存在。
2018-12-02 23:46:08,186 [9] FATAL WearinessExam.exe - “WearinessExam.Examination.DeviceFacade”的类型初始值设定项引发异常。
2018-12-02 23:46:32,251 [10] INFO  WearinessExam.exe - =====================================================================================
2018-12-02 23:46:32,254 [10] INFO  WearinessExam.exe - =============================     应用程序启动      =================================
2018-12-02 23:46:32,254 [10] INFO  WearinessExam.exe - =====================================================================================
2018-12-02 23:46:38,277 [10] INFO  WearinessExam.exe - 用户:admin登录系统.
2018-12-02 23:46:53,899 [10] INFO  WearinessExam.exe - 受测员 ID=P0001 原始数据不存在。
2018-12-02 23:46:55,988 [10] INFO  WearinessExam.exe - 受测员 ID=P0001 原始数据不存在。
2018-12-02 23:46:59,419 [10] INFO  WearinessExam.exe - 受测员 ID=P0001 原始数据不存在。
2018-12-02 23:47:00,447 [10] INFO  WearinessExam.exe - 受测员 ID=P0001 原始数据不存在。
2018-12-02 23:47:25,147 [10] FATAL WearinessExam.exe - “WearinessExam.Examination.DeviceFacade”的类型初始值设定项引发异常。
