2018-02-01 00:14:48,777 [9] INFO  WearinessExam.exe - CFF1启动!
2018-02-01 00:15:07,482 [9] INFO  WearinessExam.exe - CFF1停止!
2018-02-01 00:15:08,869 [9] ERROR WearinessExam.exe - 设备停止失败!
2018-02-01 00:15:08,870 [9] ERROR WearinessExam.exe - 退出系统,关闭设备失败!
2018-02-01 00:15:08,870 [9] INFO  WearinessExam.exe - =============================     应用程序关闭      ==================================
2018-02-01 06:55:04,350 [8] INFO  WearinessExam.exe - =====================================================================================
2018-02-01 06:55:04,351 [8] INFO  WearinessExam.exe - =============================     应用程序启动      =================================
2018-02-01 06:55:04,351 [8] INFO  WearinessExam.exe - =====================================================================================
2018-02-01 06:55:06,447 [8] ERROR WearinessExam.exe - 设备停止失败!
2018-02-01 06:55:06,448 [8] ERROR WearinessExam.exe - 退出系统,关闭设备失败!
2018-02-01 06:55:06,448 [8] INFO  WearinessExam.exe - =============================     应用程序关闭      ==================================
2018-02-01 06:55:31,456 [9] INFO  WearinessExam.exe - =====================================================================================
2018-02-01 06:55:31,457 [9] INFO  WearinessExam.exe - =============================     应用程序启动      =================================
2018-02-01 06:55:31,458 [9] INFO  WearinessExam.exe - =====================================================================================
2018-02-01 06:55:33,697 [9] INFO  WearinessExam.exe - 用户:admin登录系统.
2018-02-01 06:55:36,670 [9] INFO  WearinessExam.exe - 自检成功!
2018-02-01 06:56:03,461 [9] INFO  WearinessExam.exe - CFF1启动!
2018-02-01 06:56:28,088 [9] INFO  WearinessExam.exe - CFF1停止!
2018-02-01 07:00:53,636 [9] ERROR WearinessExam.exe - 设备停止失败!
2018-02-01 07:00:53,636 [9] ERROR WearinessExam.exe - 退出系统,关闭设备失败!
2018-02-01 07:00:53,636 [9] INFO  WearinessExam.exe - =============================     应用程序关闭      ==================================
2018-02-01 07:01:30,702 [9] INFO  WearinessExam.exe - =====================================================================================
2018-02-01 07:01:30,703 [9] INFO  WearinessExam.exe - =============================     应用程序启动      =================================
2018-02-01 07:01:30,704 [9] INFO  WearinessExam.exe - =====================================================================================
2018-02-01 07:01:32,435 [9] INFO  WearinessExam.exe - 用户:admin登录系统.
2018-02-01 07:01:35,118 [9] INFO  WearinessExam.exe - 自检成功!
2018-02-01 07:01:45,741 [9] INFO  WearinessExam.exe - CFF1启动!
2018-02-01 07:02:06,886 [9] INFO  WearinessExam.exe - CFF1停止!
2018-02-01 07:02:08,018 [9] ERROR WearinessExam.exe - 设备停止失败!
2018-02-01 07:02:08,019 [9] ERROR WearinessExam.exe - 退出系统,关闭设备失败!
2018-02-01 07:02:08,019 [9] INFO  WearinessExam.exe - =============================     应用程序关闭      ==================================
2018-02-01 07:02:22,268 [10] INFO  WearinessExam.exe - =====================================================================================
2018-02-01 07:02:22,269 [10] INFO  WearinessExam.exe - =============================     应用程序启动      =================================
2018-02-01 07:02:22,269 [10] INFO  WearinessExam.exe - =====================================================================================
2018-02-01 07:02:23,967 [10] INFO  WearinessExam.exe - 用户:admin登录系统.
2018-02-01 07:02:26,388 [10] INFO  WearinessExam.exe - 自检成功!
2018-02-01 07:02:43,532 [10] INFO  WearinessExam.exe - CFF1启动!
2018-02-01 07:02:56,758 [10] INFO  WearinessExam.exe - CFF1停止!
2018-02-01 07:03:19,219 [10] ERROR WearinessExam.exe - 设备停止失败!
2018-02-01 07:03:19,219 [10] ERROR WearinessExam.exe - 退出系统,关闭设备失败!
2018-02-01 07:03:19,219 [10] INFO  WearinessExam.exe - =============================     应用程序关闭      ==================================
2018-02-01 07:08:01,304 [9] INFO  WearinessExam.exe - =====================================================================================
2018-02-01 07:08:01,305 [9] INFO  WearinessExam.exe - =============================     应用程序启动      =================================
2018-02-01 07:08:01,305 [9] INFO  WearinessExam.exe - =====================================================================================
2018-02-01 07:08:02,909 [9] INFO  WearinessExam.exe - 用户:admin登录系统.
2018-02-01 07:08:05,463 [9] INFO  WearinessExam.exe - 自检成功!
2018-02-01 07:08:17,701 [9] INFO  WearinessExam.exe - CFF1启动!
2018-02-01 07:08:33,002 [9] INFO  WearinessExam.exe - CFF1停止!
2018-02-01 07:08:42,016 [9] ERROR WearinessExam.exe - 设备停止失败!
2018-02-01 07:08:42,016 [9] ERROR WearinessExam.exe - 退出系统,关闭设备失败!
2018-02-01 07:08:42,016 [9] INFO  WearinessExam.exe - =============================     应用程序关闭      ==================================
2018-02-01 07:12:12,834 [9] INFO  WearinessExam.exe - =====================================================================================
2018-02-01 07:12:12,835 [9] INFO  WearinessExam.exe - =============================     应用程序启动      =================================
2018-02-01 07:12:12,835 [9] INFO  WearinessExam.exe - =====================================================================================
2018-02-01 07:12:14,677 [9] INFO  WearinessExam.exe - 用户:admin登录系统.
2018-02-01 07:12:16,926 [9] INFO  WearinessExam.exe - 自检成功!
2018-02-01 07:12:36,645 [9] INFO  WearinessExam.exe - CFF1启动!
2018-02-01 07:12:48,073 [9] INFO  WearinessExam.exe - CFF1停止!
2018-02-01 07:13:05,544 [9] ERROR WearinessExam.exe - 设备停止失败!
2018-02-01 07:13:05,544 [9] ERROR WearinessExam.exe - 退出系统,关闭设备失败!
2018-02-01 07:13:05,544 [9] INFO  WearinessExam.exe - =============================     应用程序关闭      ==================================
2018-02-01 07:15:10,630 [9] INFO  WearinessExam.exe - =====================================================================================
2018-02-01 07:15:10,631 [9] INFO  WearinessExam.exe - =============================     应用程序启动      =================================
2018-02-01 07:15:10,631 [9] INFO  WearinessExam.exe - =====================================================================================
2018-02-01 07:15:12,602 [9] INFO  WearinessExam.exe - 用户:admin登录系统.
2018-02-01 07:15:14,981 [9] INFO  WearinessExam.exe - 自检成功!
2018-02-01 07:15:24,767 [9] INFO  WearinessExam.exe - CFF1启动!
2018-02-01 07:15:55,434 [9] INFO  WearinessExam.exe - CFF1停止!
2018-02-01 07:16:36,456 [9] ERROR WearinessExam.exe - 设备停止失败!
2018-02-01 07:16:36,456 [9] ERROR WearinessExam.exe - 退出系统,关闭设备失败!
2018-02-01 07:16:36,456 [9] INFO  WearinessExam.exe - =============================     应用程序关闭      ==================================
2018-02-01 07:37:37,348 [9] INFO  WearinessExam.exe - =====================================================================================
2018-02-01 07:37:37,349 [9] INFO  WearinessExam.exe - =============================     应用程序启动      =================================
2018-02-01 07:37:37,349 [9] INFO  WearinessExam.exe - =====================================================================================
2018-02-01 07:37:39,048 [9] INFO  WearinessExam.exe - 用户:admin登录系统.
2018-02-01 07:37:43,006 [9] INFO  WearinessExam.exe - 自检成功!
2018-02-01 07:37:51,642 [9] INFO  WearinessExam.exe - CFF1启动!
2018-02-01 07:37:57,523 [9] INFO  WearinessExam.exe - CFF1停止!
2018-02-01 07:38:20,339 [9] ERROR WearinessExam.exe - 设备停止失败!
2018-02-01 07:38:20,339 [9] ERROR WearinessExam.exe - 退出系统,关闭设备失败!
2018-02-01 07:38:20,339 [9] INFO  WearinessExam.exe - =============================     应用程序关闭      ==================================
2018-02-01 07:38:43,923 [9] INFO  WearinessExam.exe - =====================================================================================
2018-02-01 07:38:43,924 [9] INFO  WearinessExam.exe - =============================     应用程序启动      =================================
2018-02-01 07:38:43,924 [9] INFO  WearinessExam.exe - =====================================================================================
2018-02-01 07:38:45,520 [9] INFO  WearinessExam.exe - 用户:admin登录系统.
2018-02-01 07:38:48,912 [9] INFO  WearinessExam.exe - 自检成功!
2018-02-01 07:38:56,953 [9] INFO  WearinessExam.exe - CFF1启动!
2018-02-01 07:39:15,480 [9] INFO  WearinessExam.exe - CFF1停止!
2018-02-01 07:39:32,292 [9] INFO  WearinessExam.exe - CFF1启动!
2018-02-01 07:39:51,496 [9] INFO  WearinessExam.exe - CFF1停止!
2018-02-01 07:40:03,155 [9] ERROR WearinessExam.exe - 设备停止失败!
2018-02-01 07:40:03,155 [9] ERROR WearinessExam.exe - 退出系统,关闭设备失败!
2018-02-01 07:40:03,156 [9] INFO  WearinessExam.exe - =============================     应用程序关闭      ==================================
2018-02-01 07:47:47,543 [8] INFO  WearinessExam.exe - =====================================================================================
2018-02-01 07:47:47,544 [8] INFO  WearinessExam.exe - =============================     应用程序启动      =================================
2018-02-01 07:47:47,544 [8] INFO  WearinessExam.exe - =====================================================================================
2018-02-01 07:47:49,428 [8] INFO  WearinessExam.exe - 用户:admin登录系统.
2018-02-01 07:47:52,571 [8] INFO  WearinessExam.exe - 自检成功!
2018-02-01 07:48:04,861 [8] INFO  WearinessExam.exe - CFF1启动!
2018-02-01 07:48:32,491 [8] INFO  WearinessExam.exe - CFF1停止!
2018-02-01 07:49:20,273 [8] INFO  WearinessExam.exe - CFF1启动!
2018-02-01 07:49:39,105 [8] INFO  WearinessExam.exe - CFF1停止!
2018-02-01 07:50:01,886 [8] INFO  WearinessExam.exe - CFF2启动！
2018-02-01 07:50:34,715 [8] INFO  WearinessExam.exe - CFF2停止！
2018-02-01 07:56:46,068 [8] ERROR WearinessExam.exe - 设备停止失败!
2018-02-01 07:56:46,069 [8] ERROR WearinessExam.exe - 退出系统,关闭设备失败!
2018-02-01 07:56:46,069 [8] INFO  WearinessExam.exe - =============================     应用程序关闭      ==================================
2018-02-01 07:58:48,245 [9] INFO  WearinessExam.exe - =====================================================================================
2018-02-01 07:58:48,246 [9] INFO  WearinessExam.exe - =============================     应用程序启动      =================================
2018-02-01 07:58:48,246 [9] INFO  WearinessExam.exe - =====================================================================================
2018-02-01 07:58:49,843 [9] INFO  WearinessExam.exe - 用户:admin登录系统.
2018-02-01 07:58:52,891 [9] INFO  WearinessExam.exe - 自检成功!
2018-02-01 07:59:01,782 [9] INFO  WearinessExam.exe - CFF1启动!
2018-02-01 07:59:21,239 [9] INFO  WearinessExam.exe - CFF1停止!
2018-02-01 07:59:57,446 [9] INFO  WearinessExam.exe - CFF2启动！
2018-02-01 08:00:14,526 [9] INFO  WearinessExam.exe - CFF2停止！
2018-02-01 08:00:16,808 [9] ERROR WearinessExam.exe - 设备停止失败!
2018-02-01 08:00:16,808 [9] ERROR WearinessExam.exe - 退出系统,关闭设备失败!
2018-02-01 08:00:16,808 [9] INFO  WearinessExam.exe - =============================     应用程序关闭      ==================================
2018-02-01 08:00:49,150 [9] INFO  WearinessExam.exe - =====================================================================================
2018-02-01 08:00:49,150 [9] INFO  WearinessExam.exe - =============================     应用程序启动      =================================
2018-02-01 08:00:49,151 [9] INFO  WearinessExam.exe - =====================================================================================
2018-02-01 08:00:50,898 [9] INFO  WearinessExam.exe - 用户:admin登录系统.
2018-02-01 08:00:53,092 [9] INFO  WearinessExam.exe - 自检成功!
2018-02-01 08:01:02,425 [9] INFO  WearinessExam.exe - CFF1启动!
2018-02-01 08:01:10,500 [9] INFO  WearinessExam.exe - CFF1停止!
2018-02-01 08:01:14,995 [9] INFO  WearinessExam.exe - CFF1启动!
2018-02-01 08:01:36,862 [9] INFO  WearinessExam.exe - CFF1停止!
2018-02-01 08:02:33,194 [9] ERROR WearinessExam.exe - 设备停止失败!
2018-02-01 08:02:33,195 [9] ERROR WearinessExam.exe - 退出系统,关闭设备失败!
2018-02-01 08:02:33,195 [9] INFO  WearinessExam.exe - =============================     应用程序关闭      ==================================
2018-02-01 08:08:44,275 [9] INFO  WearinessExam.exe - =====================================================================================
2018-02-01 08:08:44,276 [9] INFO  WearinessExam.exe - =============================     应用程序启动      =================================
2018-02-01 08:08:44,276 [9] INFO  WearinessExam.exe - =====================================================================================
2018-02-01 08:08:45,924 [9] INFO  WearinessExam.exe - 用户:admin登录系统.
2018-02-01 08:08:48,129 [9] INFO  WearinessExam.exe - 自检成功!
2018-02-01 08:08:54,646 [9] INFO  WearinessExam.exe - CFF1启动!
2018-02-01 08:09:20,590 [9] INFO  WearinessExam.exe - CFF1停止!
2018-02-01 08:09:22,838 [9] ERROR WearinessExam.exe - 设备停止失败!
2018-02-01 08:09:22,839 [9] ERROR WearinessExam.exe - 退出系统,关闭设备失败!
2018-02-01 08:09:22,839 [9] INFO  WearinessExam.exe - =============================     应用程序关闭      ==================================
2018-02-01 08:09:50,603 [9] INFO  WearinessExam.exe - =====================================================================================
2018-02-01 08:09:50,604 [9] INFO  WearinessExam.exe - =============================     应用程序启动      =================================
2018-02-01 08:09:50,604 [9] INFO  WearinessExam.exe - =====================================================================================
2018-02-01 08:09:52,125 [9] INFO  WearinessExam.exe - 用户:admin登录系统.
2018-02-01 08:09:54,790 [9] INFO  WearinessExam.exe - 自检成功!
2018-02-01 08:10:03,206 [9] INFO  WearinessExam.exe - CFF1启动!
2018-02-01 08:10:15,361 [9] INFO  WearinessExam.exe - CFF1停止!
2018-02-01 08:10:16,287 [9] ERROR WearinessExam.exe - 设备停止失败!
2018-02-01 08:10:16,287 [9] ERROR WearinessExam.exe - 退出系统,关闭设备失败!
2018-02-01 08:10:16,287 [9] INFO  WearinessExam.exe - =============================     应用程序关闭      ==================================
2018-02-01 08:12:45,169 [9] INFO  WearinessExam.exe - =====================================================================================
2018-02-01 08:12:45,170 [9] INFO  WearinessExam.exe - =============================     应用程序启动      =================================
2018-02-01 08:12:45,170 [9] INFO  WearinessExam.exe - =====================================================================================
2018-02-01 08:12:47,086 [9] INFO  WearinessExam.exe - 用户:admin登录系统.
2018-02-01 08:13:25,363 [9] INFO  WearinessExam.exe - 自检成功!
2018-02-01 08:13:34,216 [9] INFO  WearinessExam.exe - CFF1启动!
2018-02-01 08:13:42,457 [9] INFO  WearinessExam.exe - CFF1停止!
2018-02-01 08:13:44,625 [9] ERROR WearinessExam.exe - 设备停止失败!
2018-02-01 08:13:44,625 [9] ERROR WearinessExam.exe - 退出系统,关闭设备失败!
2018-02-01 08:13:44,625 [9] INFO  WearinessExam.exe - =============================     应用程序关闭      ==================================
2018-02-01 09:19:15,366 [10] INFO  WearinessExam.exe - =====================================================================================
2018-02-01 09:19:15,366 [10] INFO  WearinessExam.exe - =============================     应用程序启动      =================================
2018-02-01 09:19:15,366 [10] INFO  WearinessExam.exe - =====================================================================================
2018-02-01 09:19:20,097 [10] INFO  WearinessExam.exe - 用户:admin登录系统.
2018-02-01 09:19:21,337 [10] INFO  WearinessExam.exe - 自检成功!
2018-02-01 09:19:44,970 [10] INFO  WearinessExam.exe - CFF1启动!
2018-02-01 09:20:17,768 [10] INFO  WearinessExam.exe - CFF1停止!
2018-02-01 09:20:21,726 [10] INFO  WearinessExam.exe - CFF2启动！
2018-02-01 09:20:54,510 [10] INFO  WearinessExam.exe - CFF2停止！
2018-02-01 09:20:55,790 [10] INFO  WearinessExam.exe - 设备停止.
2018-02-01 09:20:55,790 [10] INFO  WearinessExam.exe - =============================     应用程序关闭      ==================================
2018-02-01 09:21:18,329 [9] INFO  WearinessExam.exe - =====================================================================================
2018-02-01 09:21:18,329 [9] INFO  WearinessExam.exe - =============================     应用程序启动      =================================
2018-02-01 09:21:18,329 [9] INFO  WearinessExam.exe - =====================================================================================
2018-02-01 09:21:20,970 [9] INFO  WearinessExam.exe - 用户:admin登录系统.
2018-02-01 09:21:22,080 [9] INFO  WearinessExam.exe - 自检成功!
2018-02-01 09:21:36,370 [9] INFO  WearinessExam.exe - 受测员 ID=P0001 原始数据不存在。
2018-02-01 09:21:36,786 [9] INFO  WearinessExam.exe - 受测员 ID=P0001 原始数据不存在。
2018-02-01 09:21:37,294 [9] INFO  WearinessExam.exe - 受测员 ID=P0001 原始数据不存在。
2018-02-01 09:21:37,495 [9] INFO  WearinessExam.exe - 受测员 ID=P0001 原始数据不存在。
2018-02-01 09:21:53,616 [9] INFO  WearinessExam.exe - CFF1启动!
2018-02-01 09:22:08,925 [9] INFO  WearinessExam.exe - CFF1停止!
2018-02-01 09:22:11,100 [9] INFO  WearinessExam.exe - CFF2启动！
2018-02-01 09:22:42,440 [9] INFO  WearinessExam.exe - CFF2停止！
2018-02-01 09:22:46,762 [9] INFO  WearinessExam.exe - 设备停止.
2018-02-01 09:22:46,762 [9] INFO  WearinessExam.exe - =============================     应用程序关闭      ==================================
2018-02-01 09:24:25,183 [10] INFO  WearinessExam.exe - =====================================================================================
2018-02-01 09:24:25,183 [10] INFO  WearinessExam.exe - =============================     应用程序启动      =================================
2018-02-01 09:24:25,184 [10] INFO  WearinessExam.exe - =====================================================================================
2018-02-01 09:24:27,109 [10] INFO  WearinessExam.exe - 用户:admin登录系统.
2018-02-01 09:24:28,254 [10] INFO  WearinessExam.exe - 自检成功!
2018-02-01 09:24:35,533 [10] INFO  WearinessExam.exe - CFF1启动!
2018-02-01 09:24:47,449 [10] INFO  WearinessExam.exe - CFF1停止!
2018-02-01 09:24:48,253 [10] INFO  WearinessExam.exe - 设备停止.
2018-02-01 09:24:48,254 [10] INFO  WearinessExam.exe - =============================     应用程序关闭      ==================================
2018-02-01 09:29:46,540 [10] INFO  WearinessExam.exe - =====================================================================================
2018-02-01 09:29:46,541 [10] INFO  WearinessExam.exe - =============================     应用程序启动      =================================
2018-02-01 09:29:46,541 [10] INFO  WearinessExam.exe - =====================================================================================
2018-02-01 09:29:49,081 [10] INFO  WearinessExam.exe - 用户:admin登录系统.
2018-02-01 09:29:50,206 [10] INFO  WearinessExam.exe - 自检成功!
2018-02-01 09:29:56,912 [10] INFO  WearinessExam.exe - CFF1启动!
2018-02-01 09:30:09,818 [10] INFO  WearinessExam.exe - CFF1停止!
2018-02-01 09:30:11,611 [10] INFO  WearinessExam.exe - CFF2启动！
2018-02-01 09:30:18,668 [10] INFO  WearinessExam.exe - CFF2停止！
2018-02-01 09:30:19,923 [10] INFO  WearinessExam.exe - 设备停止.
2018-02-01 09:30:19,923 [10] INFO  WearinessExam.exe - =============================     应用程序关闭      ==================================
2018-02-01 09:32:50,783 [10] INFO  WearinessExam.exe - =====================================================================================
2018-02-01 09:32:50,785 [10] INFO  WearinessExam.exe - =============================     应用程序启动      =================================
2018-02-01 09:32:50,785 [10] INFO  WearinessExam.exe - =====================================================================================
2018-02-01 09:32:52,692 [10] INFO  WearinessExam.exe - 用户:admin登录系统.
2018-02-01 09:32:53,822 [10] INFO  WearinessExam.exe - 自检成功!
2018-02-01 09:32:59,746 [10] INFO  WearinessExam.exe - CFF1启动!
2018-02-01 09:33:01,610 [10] INFO  WearinessExam.exe - CFF1停止!
2018-02-01 09:33:06,107 [10] INFO  WearinessExam.exe - 设备停止.
2018-02-01 09:33:06,107 [10] INFO  WearinessExam.exe - =============================     应用程序关闭      ==================================
2018-02-01 09:33:50,449 [9] INFO  WearinessExam.exe - =====================================================================================
2018-02-01 09:33:50,450 [9] INFO  WearinessExam.exe - =============================     应用程序启动      =================================
2018-02-01 09:33:50,450 [9] INFO  WearinessExam.exe - =====================================================================================
2018-02-01 09:33:52,115 [9] INFO  WearinessExam.exe - 用户:admin登录系统.
2018-02-01 09:33:53,232 [9] INFO  WearinessExam.exe - 自检成功!
2018-02-01 09:34:24,806 [17] ERROR WearinessExam.exe - 导入文件格式不正确，请重新选择。
2018-02-01 09:35:13,352 [9] INFO  WearinessExam.exe - 设备停止.
2018-02-01 09:35:13,352 [9] INFO  WearinessExam.exe - =============================     应用程序关闭      ==================================
2018-02-01 09:36:14,202 [10] INFO  WearinessExam.exe - =====================================================================================
2018-02-01 09:36:14,202 [10] INFO  WearinessExam.exe - =============================     应用程序启动      =================================
2018-02-01 09:36:14,202 [10] INFO  WearinessExam.exe - =====================================================================================
2018-02-01 09:36:16,207 [10] INFO  WearinessExam.exe - 用户:admin登录系统.
2018-02-01 09:36:17,308 [10] INFO  WearinessExam.exe - 自检成功!
2018-02-01 09:36:43,535 [10] INFO  WearinessExam.exe - CFF1启动!
2018-02-01 09:36:56,638 [10] INFO  WearinessExam.exe - CFF1停止!
2018-02-01 09:36:58,110 [10] INFO  WearinessExam.exe - CFF2启动！
2018-02-01 09:37:13,403 [10] INFO  WearinessExam.exe - CFF2停止！
2018-02-01 09:37:19,198 [10] ERROR WearinessExam.exe -    在 System.Management.ManagementException.ThrowWithExtendedInfo(ManagementStatus errorCode)
   在 System.Management.ManagementObject.Get()
   在 WearinessExam.SystemSettingsForm.GetPrinterState(String PrinterName) 位置 c:\Users\Lenovo\Desktop\MedicalSystem0201\MedicalSystem\WearinessExam\SystemSettingsForm.cs:行号 120
   在 WearinessExam.SystemSettingsForm.InitialControls() 位置 c:\Users\Lenovo\Desktop\MedicalSystem0201\MedicalSystem\WearinessExam\SystemSettingsForm.cs:行号 86
2018-02-01 09:37:25,864 [10] INFO  WearinessExam.exe - 访问用户信息管理画面.
2018-02-01 09:37:28,208 [10] INFO  WearinessExam.exe - 访问受测员信息管理画面.
2018-02-01 09:37:30,294 [10] INFO  WearinessExam.exe - 设备停止.
2018-02-01 09:37:30,294 [10] INFO  WearinessExam.exe - =============================     应用程序关闭      ==================================
2018-02-01 12:43:40,151 [10] INFO  WearinessExam.exe - =====================================================================================
2018-02-01 12:43:40,152 [10] INFO  WearinessExam.exe - =============================     应用程序启动      =================================
2018-02-01 12:43:40,152 [10] INFO  WearinessExam.exe - =====================================================================================
2018-02-01 12:43:42,326 [10] INFO  WearinessExam.exe - 用户:admin登录系统.
2018-02-01 12:43:44,867 [10] INFO  WearinessExam.exe - 自检成功!
2018-02-01 14:27:38,260 [10] INFO  WearinessExam.exe - 设备停止.
2018-02-01 14:27:38,260 [10] INFO  WearinessExam.exe - =============================     应用程序关闭      ==================================
2018-02-01 14:29:42,981 [10] INFO  WearinessExam.exe - =====================================================================================
2018-02-01 14:29:42,982 [10] INFO  WearinessExam.exe - =============================     应用程序启动      =================================
2018-02-01 14:29:42,982 [10] INFO  WearinessExam.exe - =====================================================================================
2018-02-01 14:29:45,019 [10] INFO  WearinessExam.exe - 用户:admin登录系统.
2018-02-01 14:29:46,621 [10] INFO  WearinessExam.exe - 自检成功!
2018-02-01 14:30:04,551 [10] INFO  WearinessExam.exe - CFF1启动!
2018-02-01 14:30:13,589 [10] INFO  WearinessExam.exe - CFF1停止!
2018-02-01 14:30:15,473 [10] INFO  WearinessExam.exe - 设备停止.
2018-02-01 14:30:15,473 [10] INFO  WearinessExam.exe - =============================     应用程序关闭      ==================================
2018-02-01 14:31:45,684 [9] INFO  WearinessExam.exe - =====================================================================================
2018-02-01 14:31:45,686 [9] INFO  WearinessExam.exe - =============================     应用程序启动      =================================
2018-02-01 14:31:45,686 [9] INFO  WearinessExam.exe - =====================================================================================
2018-02-01 14:31:47,284 [9] INFO  WearinessExam.exe - 用户:admin登录系统.
2018-02-01 14:31:48,613 [9] INFO  WearinessExam.exe - 自检成功!
2018-02-01 14:31:56,197 [9] INFO  WearinessExam.exe - CFF1启动!
2018-02-01 14:37:47,704 [9] INFO  WearinessExam.exe - =====================================================================================
2018-02-01 14:37:47,704 [9] INFO  WearinessExam.exe - =============================     应用程序启动      =================================
2018-02-01 14:37:47,705 [9] INFO  WearinessExam.exe - =====================================================================================
2018-02-01 14:37:49,677 [9] INFO  WearinessExam.exe - 用户:admin登录系统.
2018-02-01 14:37:50,934 [9] INFO  WearinessExam.exe - 自检成功!
2018-02-01 14:37:57,883 [9] INFO  WearinessExam.exe - CFF1启动!
2018-02-01 14:45:34,220 [9] INFO  WearinessExam.exe - =====================================================================================
2018-02-01 14:45:34,221 [9] INFO  WearinessExam.exe - =============================     应用程序启动      =================================
2018-02-01 14:45:34,221 [9] INFO  WearinessExam.exe - =====================================================================================
2018-02-01 14:45:36,180 [9] INFO  WearinessExam.exe - 用户:admin登录系统.
2018-02-01 14:45:37,589 [9] INFO  WearinessExam.exe - 自检成功!
2018-02-01 14:45:44,469 [9] INFO  WearinessExam.exe - CFF1启动!
2018-02-01 14:46:02,232 [9] INFO  WearinessExam.exe - CFF1停止!
2018-02-01 14:46:13,239 [9] INFO  WearinessExam.exe - CFF2启动！
2018-02-01 14:46:41,903 [9] INFO  WearinessExam.exe - CFF2停止！
2018-02-01 14:46:45,591 [9] INFO  WearinessExam.exe - CFF2启动！
2018-02-01 14:46:58,829 [9] INFO  WearinessExam.exe - CFF2停止！
2018-02-01 14:47:10,169 [9] INFO  WearinessExam.exe - CFF1启动!
2018-02-01 14:47:17,154 [9] INFO  WearinessExam.exe - CFF1停止!
2018-02-01 14:47:19,766 [9] INFO  WearinessExam.exe - CFF2启动！
2018-02-01 14:47:26,456 [9] INFO  WearinessExam.exe - CFF2停止！
2018-02-01 14:47:47,213 [9] INFO  WearinessExam.exe - CFF1启动!
2018-02-01 14:47:55,196 [9] INFO  WearinessExam.exe - CFF1停止!
2018-02-01 14:47:57,067 [9] INFO  WearinessExam.exe - CFF2启动！
2018-02-01 14:51:46,171 [9] INFO  WearinessExam.exe - =====================================================================================
2018-02-01 14:51:46,171 [9] INFO  WearinessExam.exe - =============================     应用程序启动      =================================
2018-02-01 14:51:46,171 [9] INFO  WearinessExam.exe - =====================================================================================
2018-02-01 14:51:47,885 [9] INFO  WearinessExam.exe - 用户:admin登录系统.
2018-02-01 14:51:49,240 [9] INFO  WearinessExam.exe - 自检成功!
2018-02-01 14:52:05,077 [9] INFO  WearinessExam.exe - CFF1启动!
2018-02-01 14:52:37,134 [9] INFO  WearinessExam.exe - CFF1停止!
2018-02-01 14:52:39,183 [9] INFO  WearinessExam.exe - 设备停止.
2018-02-01 14:52:39,183 [9] INFO  WearinessExam.exe - =============================     应用程序关闭      ==================================
2018-02-01 14:52:54,261 [10] INFO  WearinessExam.exe - =====================================================================================
2018-02-01 14:52:54,261 [10] INFO  WearinessExam.exe - =============================     应用程序启动      =================================
2018-02-01 14:52:54,261 [10] INFO  WearinessExam.exe - =====================================================================================
2018-02-01 14:52:56,669 [10] INFO  WearinessExam.exe - 用户:admin登录系统.
2018-02-01 14:52:58,049 [10] INFO  WearinessExam.exe - 自检成功!
2018-02-01 14:53:10,819 [10] INFO  WearinessExam.exe - CFF1启动!
2018-02-01 14:53:23,911 [10] INFO  WearinessExam.exe - CFF1停止!
2018-02-01 14:53:25,214 [10] INFO  WearinessExam.exe - CFF2启动！
2018-02-01 14:53:39,680 [10] INFO  WearinessExam.exe - CFF2停止！
2018-02-01 14:53:42,745 [10] INFO  WearinessExam.exe - 设备停止.
2018-02-01 14:53:42,746 [10] INFO  WearinessExam.exe - =============================     应用程序关闭      ==================================
2018-02-01 14:54:02,535 [10] INFO  WearinessExam.exe - =====================================================================================
2018-02-01 14:54:02,536 [10] INFO  WearinessExam.exe - =============================     应用程序启动      =================================
2018-02-01 14:54:02,536 [10] INFO  WearinessExam.exe - =====================================================================================
2018-02-01 14:54:04,253 [10] INFO  WearinessExam.exe - 用户:admin登录系统.
2018-02-01 14:54:05,619 [10] INFO  WearinessExam.exe - 自检成功!
2018-02-01 14:54:17,185 [10] INFO  WearinessExam.exe - CFF1启动!
2018-02-01 14:54:24,720 [10] INFO  WearinessExam.exe - CFF1停止!
2018-02-01 14:54:25,712 [10] INFO  WearinessExam.exe - CFF2启动！
2018-02-01 14:54:32,589 [10] INFO  WearinessExam.exe - CFF2停止！
2018-02-01 14:54:37,990 [10] INFO  WearinessExam.exe - 设备停止.
2018-02-01 14:54:37,990 [10] INFO  WearinessExam.exe - =============================     应用程序关闭      ==================================
2018-02-01 14:55:01,848 [9] INFO  WearinessExam.exe - =====================================================================================
2018-02-01 14:55:01,849 [9] INFO  WearinessExam.exe - =============================     应用程序启动      =================================
2018-02-01 14:55:01,849 [9] INFO  WearinessExam.exe - =====================================================================================
2018-02-01 14:55:03,631 [9] INFO  WearinessExam.exe - 用户:admin登录系统.
2018-02-01 14:55:04,974 [9] INFO  WearinessExam.exe - 自检成功!
2018-02-01 14:55:10,859 [9] INFO  WearinessExam.exe - CFF1启动!
2018-02-01 14:55:19,001 [9] INFO  WearinessExam.exe - CFF1停止!
2018-02-01 14:55:20,010 [9] INFO  WearinessExam.exe - CFF2启动！
2018-02-01 14:55:32,284 [9] INFO  WearinessExam.exe - CFF2停止！
2018-02-01 14:55:37,028 [9] INFO  WearinessExam.exe - 设备停止.
2018-02-01 14:55:37,028 [9] INFO  WearinessExam.exe - =============================     应用程序关闭      ==================================
2018-02-01 15:01:31,152 [8] INFO  WearinessExam.exe - =====================================================================================
2018-02-01 15:01:31,153 [8] INFO  WearinessExam.exe - =============================     应用程序启动      =================================
2018-02-01 15:01:31,153 [8] INFO  WearinessExam.exe - =====================================================================================
2018-02-01 15:01:33,326 [8] INFO  WearinessExam.exe - 用户:admin登录系统.
2018-02-01 15:01:34,766 [8] INFO  WearinessExam.exe - 自检成功!
2018-02-01 15:01:36,327 [8] INFO  WearinessExam.exe - 设备停止.
2018-02-01 15:01:36,327 [8] INFO  WearinessExam.exe - =============================     应用程序关闭      ==================================
2018-02-01 15:01:44,860 [10] INFO  WearinessExam.exe - =====================================================================================
2018-02-01 15:01:44,861 [10] INFO  WearinessExam.exe - =============================     应用程序启动      =================================
2018-02-01 15:01:44,861 [10] INFO  WearinessExam.exe - =====================================================================================
2018-02-01 15:01:47,221 [10] INFO  WearinessExam.exe - 用户:admin登录系统.
2018-02-01 15:01:48,486 [10] INFO  WearinessExam.exe - 自检成功!
2018-02-01 15:06:50,684 [10] INFO  WearinessExam.exe - 设备停止.
2018-02-01 15:06:50,684 [10] INFO  WearinessExam.exe - =============================     应用程序关闭      ==================================
2018-02-01 22:56:30,703 [9] INFO  WearinessExam.exe - =====================================================================================
2018-02-01 22:56:30,736 [9] INFO  WearinessExam.exe - =============================     应用程序启动      =================================
2018-02-01 22:56:30,736 [9] INFO  WearinessExam.exe - =====================================================================================
2018-02-01 22:56:34,482 [9] INFO  WearinessExam.exe - 用户:admin登录系统.
2018-02-01 22:58:06,344 [9] INFO  WearinessExam.exe - 自检成功!
2018-02-01 23:06:44,099 [9] ERROR WearinessExam.exe - 设备停止失败!
2018-02-01 23:06:44,099 [9] ERROR WearinessExam.exe - 退出系统,关闭设备失败!
2018-02-01 23:06:44,099 [9] INFO  WearinessExam.exe - =============================     应用程序关闭      ==================================
2018-02-01 23:11:58,652 [9] INFO  WearinessExam.exe - =====================================================================================
2018-02-01 23:11:58,653 [9] INFO  WearinessExam.exe - =============================     应用程序启动      =================================
2018-02-01 23:11:58,653 [9] INFO  WearinessExam.exe - =====================================================================================
2018-02-01 23:12:00,167 [9] ERROR WearinessExam.exe - 设备停止失败!
2018-02-01 23:12:00,167 [9] ERROR WearinessExam.exe - 退出系统,关闭设备失败!
2018-02-01 23:12:00,167 [9] INFO  WearinessExam.exe - =============================     应用程序关闭      ==================================
2018-02-01 23:15:26,832 [9] INFO  WearinessExam.exe - =====================================================================================
2018-02-01 23:15:26,833 [9] INFO  WearinessExam.exe - =============================     应用程序启动      =================================
2018-02-01 23:15:26,833 [9] INFO  WearinessExam.exe - =====================================================================================
2018-02-01 23:15:28,283 [9] ERROR WearinessExam.exe - 设备停止失败!
2018-02-01 23:15:28,284 [9] ERROR WearinessExam.exe - 退出系统,关闭设备失败!
2018-02-01 23:15:28,284 [9] INFO  WearinessExam.exe - =============================     应用程序关闭      ==================================
2018-02-01 23:20:02,867 [9] INFO  WearinessExam.exe - =====================================================================================
2018-02-01 23:20:02,868 [9] INFO  WearinessExam.exe - =============================     应用程序启动      =================================
2018-02-01 23:20:02,868 [9] INFO  WearinessExam.exe - =====================================================================================
2018-02-01 23:20:05,008 [9] INFO  WearinessExam.exe - 用户:admin登录系统.
2018-02-01 23:20:10,402 [11] INFO  WearinessExam.exe - 自检成功!
2018-02-01 23:20:22,588 [9] ERROR WearinessExam.exe - 设备停止失败!
2018-02-01 23:20:22,588 [9] ERROR WearinessExam.exe - 退出系统,关闭设备失败!
2018-02-01 23:20:22,589 [9] INFO  WearinessExam.exe - =============================     应用程序关闭      ==================================
2018-02-01 23:21:15,034 [9] INFO  WearinessExam.exe - =====================================================================================
2018-02-01 23:21:15,035 [9] INFO  WearinessExam.exe - =============================     应用程序启动      =================================
2018-02-01 23:21:15,035 [9] INFO  WearinessExam.exe - =====================================================================================
2018-02-01 23:21:16,531 [9] INFO  WearinessExam.exe - 用户:admin登录系统.
2018-02-01 23:21:23,187 [11] INFO  WearinessExam.exe - 自检成功!
2018-02-01 23:21:34,395 [9] ERROR WearinessExam.exe - 设备停止失败!
2018-02-01 23:21:34,396 [9] ERROR WearinessExam.exe - 退出系统,关闭设备失败!
2018-02-01 23:21:34,396 [9] INFO  WearinessExam.exe - =============================     应用程序关闭      ==================================
2018-02-01 23:23:45,570 [9] INFO  WearinessExam.exe - =====================================================================================
2018-02-01 23:23:45,570 [9] INFO  WearinessExam.exe - =============================     应用程序启动      =================================
2018-02-01 23:23:45,571 [9] INFO  WearinessExam.exe - =====================================================================================
2018-02-01 23:23:47,254 [9] INFO  WearinessExam.exe - 用户:admin登录系统.
2018-02-01 23:23:49,106 [11] INFO  WearinessExam.exe - 自检成功!
2018-02-01 23:23:57,098 [9] ERROR WearinessExam.exe - 设备停止失败!
2018-02-01 23:23:57,098 [9] ERROR WearinessExam.exe - 退出系统,关闭设备失败!
2018-02-01 23:23:57,098 [9] INFO  WearinessExam.exe - =============================     应用程序关闭      ==================================
2018-02-01 23:24:00,747 [10] INFO  WearinessExam.exe - =====================================================================================
2018-02-01 23:24:00,748 [10] INFO  WearinessExam.exe - =============================     应用程序启动      =================================
2018-02-01 23:24:00,749 [10] INFO  WearinessExam.exe - =====================================================================================
2018-02-01 23:24:02,308 [10] INFO  WearinessExam.exe - 用户:admin登录系统.
2018-02-01 23:24:05,667 [6] INFO  WearinessExam.exe - 自检成功!
2018-02-01 23:24:16,984 [10] ERROR WearinessExam.exe - 设备停止失败!
2018-02-01 23:24:16,984 [10] ERROR WearinessExam.exe - 退出系统,关闭设备失败!
2018-02-01 23:24:16,984 [10] INFO  WearinessExam.exe - =============================     应用程序关闭      ==================================
