2018-02-02 22:28:38,889 [9] INFO  WearinessExam.exe - =====================================================================================
2018-02-02 22:28:38,891 [9] INFO  WearinessExam.exe - =============================     应用程序启动      =================================
2018-02-02 22:28:38,891 [9] INFO  WearinessExam.exe - =====================================================================================
2018-02-02 22:28:43,797 [9] INFO  WearinessExam.exe - 用户:admin登录系统.
2018-02-02 22:28:47,766 [12] INFO  WearinessExam.exe - 自检成功!
2018-02-02 22:28:52,097 [9] ERROR WearinessExam.exe - 设备停止失败!
2018-02-02 22:28:52,097 [9] ERROR WearinessExam.exe - 退出系统,关闭设备失败!
2018-02-02 22:28:52,098 [9] INFO  WearinessExam.exe - =============================     应用程序关闭      ==================================
2018-02-02 22:29:02,735 [10] INFO  WearinessExam.exe - =====================================================================================
2018-02-02 22:29:02,736 [10] INFO  WearinessExam.exe - =============================     应用程序启动      =================================
2018-02-02 22:29:02,736 [10] INFO  WearinessExam.exe - =====================================================================================
2018-02-02 22:29:05,026 [10] INFO  WearinessExam.exe - 用户:admin登录系统.
2018-02-02 22:29:07,146 [6] INFO  WearinessExam.exe - 自检成功!
2018-02-02 22:29:16,366 [10] ERROR WearinessExam.exe - 设备停止失败!
2018-02-02 22:29:16,367 [10] ERROR WearinessExam.exe - 退出系统,关闭设备失败!
2018-02-02 22:29:16,367 [10] INFO  WearinessExam.exe - =============================     应用程序关闭      ==================================
2018-02-02 22:30:25,680 [9] INFO  WearinessExam.exe - =====================================================================================
2018-02-02 22:30:25,681 [9] INFO  WearinessExam.exe - =============================     应用程序启动      =================================
2018-02-02 22:30:25,681 [9] INFO  WearinessExam.exe - =====================================================================================
2018-02-02 22:30:27,272 [9] INFO  WearinessExam.exe - 用户:admin登录系统.
2018-02-02 22:30:29,676 [11] INFO  WearinessExam.exe - 自检成功!
2018-02-02 22:31:51,314 [9] ERROR WearinessExam.exe - 设备停止失败!
2018-02-02 22:31:51,315 [9] ERROR WearinessExam.exe - 退出系统,关闭设备失败!
2018-02-02 22:31:51,315 [9] INFO  WearinessExam.exe - =============================     应用程序关闭      ==================================
2018-02-02 22:32:35,444 [9] INFO  WearinessExam.exe - =====================================================================================
2018-02-02 22:32:35,445 [9] INFO  WearinessExam.exe - =============================     应用程序启动      =================================
2018-02-02 22:32:35,445 [9] INFO  WearinessExam.exe - =====================================================================================
2018-02-02 22:32:37,095 [9] ERROR WearinessExam.exe - 设备停止失败!
2018-02-02 22:32:37,095 [9] ERROR WearinessExam.exe - 退出系统,关闭设备失败!
2018-02-02 22:32:37,095 [9] INFO  WearinessExam.exe - =============================     应用程序关闭      ==================================
2018-02-02 22:37:31,271 [9] INFO  WearinessExam.exe - =====================================================================================
2018-02-02 22:37:31,272 [9] INFO  WearinessExam.exe - =============================     应用程序启动      =================================
2018-02-02 22:37:31,272 [9] INFO  WearinessExam.exe - =====================================================================================
2018-02-02 22:37:32,635 [9] ERROR WearinessExam.exe - 设备停止失败!
2018-02-02 22:37:32,638 [9] ERROR WearinessExam.exe - 退出系统,关闭设备失败!
2018-02-02 22:37:32,638 [9] INFO  WearinessExam.exe - =============================     应用程序关闭      ==================================
2018-02-02 22:37:44,537 [10] INFO  WearinessExam.exe - =====================================================================================
2018-02-02 22:37:44,538 [10] INFO  WearinessExam.exe - =============================     应用程序启动      =================================
2018-02-02 22:37:44,538 [10] INFO  WearinessExam.exe - =====================================================================================
2018-02-02 22:37:46,365 [10] INFO  WearinessExam.exe - 用户:admin登录系统.
2018-02-02 22:37:49,583 [6] INFO  WearinessExam.exe - 自检成功!
2018-02-02 22:38:29,628 [10] ERROR WearinessExam.exe - 设备停止失败!
2018-02-02 22:38:29,628 [10] ERROR WearinessExam.exe - 退出系统,关闭设备失败!
2018-02-02 22:38:29,628 [10] INFO  WearinessExam.exe - =============================     应用程序关闭      ==================================
2018-02-02 22:40:19,786 [9] INFO  WearinessExam.exe - =====================================================================================
2018-02-02 22:40:19,787 [9] INFO  WearinessExam.exe - =============================     应用程序启动      =================================
2018-02-02 22:40:19,787 [9] INFO  WearinessExam.exe - =====================================================================================
2018-02-02 22:40:21,205 [9] INFO  WearinessExam.exe - 用户:admin登录系统.
2018-02-02 22:40:23,146 [11] INFO  WearinessExam.exe - 自检成功!
2018-02-02 22:40:44,599 [9] ERROR WearinessExam.exe - 设备停止失败!
2018-02-02 22:40:44,599 [9] ERROR WearinessExam.exe - 退出系统,关闭设备失败!
2018-02-02 22:40:44,599 [9] INFO  WearinessExam.exe - =============================     应用程序关闭      ==================================
2018-02-02 22:41:09,181 [9] INFO  WearinessExam.exe - =====================================================================================
2018-02-02 22:41:09,181 [9] INFO  WearinessExam.exe - =============================     应用程序启动      =================================
2018-02-02 22:41:09,181 [9] INFO  WearinessExam.exe - =====================================================================================
2018-02-02 22:41:10,563 [9] INFO  WearinessExam.exe - 用户:admin登录系统.
2018-02-02 22:41:12,419 [11] INFO  WearinessExam.exe - 自检成功!
2018-02-02 22:41:54,197 [9] INFO  WearinessExam.exe - 访问受测员信息管理画面.
2018-02-02 22:41:59,236 [9] INFO  WearinessExam.exe - 访问用户信息管理画面.
2018-02-02 22:42:08,678 [9] ERROR WearinessExam.exe - 设备停止失败!
2018-02-02 22:42:08,679 [9] ERROR WearinessExam.exe - 退出系统,关闭设备失败!
2018-02-02 22:42:08,679 [9] INFO  WearinessExam.exe - =============================     应用程序关闭      ==================================
2018-02-02 22:42:53,788 [9] INFO  WearinessExam.exe - =====================================================================================
2018-02-02 22:42:53,789 [9] INFO  WearinessExam.exe - =============================     应用程序启动      =================================
2018-02-02 22:42:53,789 [9] INFO  WearinessExam.exe - =====================================================================================
2018-02-02 22:42:55,369 [9] INFO  WearinessExam.exe - 用户:admin登录系统.
2018-02-02 22:42:57,119 [11] INFO  WearinessExam.exe - 自检成功!
2018-02-02 22:43:23,249 [9] ERROR WearinessExam.exe - 设备停止失败!
2018-02-02 22:43:23,249 [9] ERROR WearinessExam.exe - 退出系统,关闭设备失败!
2018-02-02 22:43:23,249 [9] INFO  WearinessExam.exe - =============================     应用程序关闭      ==================================
2018-02-02 22:43:54,859 [9] INFO  WearinessExam.exe - =====================================================================================
2018-02-02 22:43:54,860 [9] INFO  WearinessExam.exe - =============================     应用程序启动      =================================
2018-02-02 22:43:54,860 [9] INFO  WearinessExam.exe - =====================================================================================
2018-02-02 22:43:56,408 [9] INFO  WearinessExam.exe - 用户:admin登录系统.
2018-02-02 22:43:58,259 [11] INFO  WearinessExam.exe - 自检成功!
2018-02-02 22:44:15,563 [9] INFO  WearinessExam.exe - 访问用户信息管理画面.
2018-02-02 22:44:23,546 [9] INFO  WearinessExam.exe - 访问受测员信息管理画面.
2018-02-02 22:44:49,106 [9] ERROR WearinessExam.exe - 设备停止失败!
2018-02-02 22:44:49,106 [9] ERROR WearinessExam.exe - 退出系统,关闭设备失败!
2018-02-02 22:44:49,106 [9] INFO  WearinessExam.exe - =============================     应用程序关闭      ==================================
2018-02-02 22:45:29,978 [9] INFO  WearinessExam.exe - =====================================================================================
2018-02-02 22:45:29,979 [9] INFO  WearinessExam.exe - =============================     应用程序启动      =================================
2018-02-02 22:45:29,979 [9] INFO  WearinessExam.exe - =====================================================================================
2018-02-02 22:45:31,630 [9] INFO  WearinessExam.exe - 用户:admin登录系统.
2018-02-02 22:45:33,782 [11] INFO  WearinessExam.exe - 自检成功!
2018-02-02 22:45:54,354 [9] ERROR WearinessExam.exe - 设备停止失败!
2018-02-02 22:45:54,354 [9] ERROR WearinessExam.exe - 退出系统,关闭设备失败!
2018-02-02 22:45:54,354 [9] INFO  WearinessExam.exe - =============================     应用程序关闭      ==================================
2018-02-02 22:46:50,624 [9] INFO  WearinessExam.exe - =====================================================================================
2018-02-02 22:46:50,625 [9] INFO  WearinessExam.exe - =============================     应用程序启动      =================================
2018-02-02 22:46:50,625 [9] INFO  WearinessExam.exe - =====================================================================================
2018-02-02 22:46:52,249 [9] INFO  WearinessExam.exe - 用户:admin登录系统.
2018-02-02 22:46:53,888 [11] INFO  WearinessExam.exe - 自检成功!
2018-02-02 22:47:01,755 [9] ERROR WearinessExam.exe - 设备停止失败!
2018-02-02 22:47:01,755 [9] ERROR WearinessExam.exe - 退出系统,关闭设备失败!
2018-02-02 22:47:01,755 [9] INFO  WearinessExam.exe - =============================     应用程序关闭      ==================================
2018-02-02 22:48:50,174 [9] INFO  WearinessExam.exe - =====================================================================================
2018-02-02 22:48:50,175 [9] INFO  WearinessExam.exe - =============================     应用程序启动      =================================
2018-02-02 22:48:50,175 [9] INFO  WearinessExam.exe - =====================================================================================
2018-02-02 22:48:51,667 [9] INFO  WearinessExam.exe - 用户:admin登录系统.
2018-02-02 22:48:53,543 [11] INFO  WearinessExam.exe - 自检成功!
2018-02-02 22:48:59,937 [9] ERROR WearinessExam.exe - 设备停止失败!
2018-02-02 22:48:59,938 [9] ERROR WearinessExam.exe - 退出系统,关闭设备失败!
2018-02-02 22:48:59,938 [9] INFO  WearinessExam.exe - =============================     应用程序关闭      ==================================
2018-02-02 22:49:59,608 [8] INFO  WearinessExam.exe - =====================================================================================
2018-02-02 22:49:59,609 [8] INFO  WearinessExam.exe - =============================     应用程序启动      =================================
2018-02-02 22:49:59,609 [8] INFO  WearinessExam.exe - =====================================================================================
2018-02-02 22:50:01,161 [8] INFO  WearinessExam.exe - 用户:admin登录系统.
2018-02-02 22:50:03,049 [10] INFO  WearinessExam.exe - 自检成功!
2018-02-02 22:50:13,254 [8] ERROR WearinessExam.exe - 设备停止失败!
2018-02-02 22:50:13,254 [8] ERROR WearinessExam.exe - 退出系统,关闭设备失败!
2018-02-02 22:50:13,254 [8] INFO  WearinessExam.exe - =============================     应用程序关闭      ==================================
2018-02-02 22:51:16,138 [9] INFO  WearinessExam.exe - =====================================================================================
2018-02-02 22:51:16,139 [9] INFO  WearinessExam.exe - =============================     应用程序启动      =================================
2018-02-02 22:51:16,139 [9] INFO  WearinessExam.exe - =====================================================================================
2018-02-02 22:51:17,662 [9] INFO  WearinessExam.exe - 用户:admin登录系统.
2018-02-02 22:51:19,520 [11] INFO  WearinessExam.exe - 自检成功!
2018-02-02 22:51:38,240 [9] ERROR WearinessExam.exe - 设备停止失败!
2018-02-02 22:51:38,241 [9] ERROR WearinessExam.exe - 退出系统,关闭设备失败!
2018-02-02 22:51:38,241 [9] INFO  WearinessExam.exe - =============================     应用程序关闭      ==================================
2018-02-02 22:52:15,530 [9] INFO  WearinessExam.exe - =====================================================================================
2018-02-02 22:52:15,530 [9] INFO  WearinessExam.exe - =============================     应用程序启动      =================================
2018-02-02 22:52:15,530 [9] INFO  WearinessExam.exe - =====================================================================================
2018-02-02 22:52:17,030 [9] INFO  WearinessExam.exe - 用户:admin登录系统.
2018-02-02 22:52:18,931 [11] INFO  WearinessExam.exe - 自检成功!
2018-02-02 22:52:23,802 [9] ERROR WearinessExam.exe - 设备停止失败!
2018-02-02 22:52:23,802 [9] ERROR WearinessExam.exe - 退出系统,关闭设备失败!
2018-02-02 22:52:23,802 [9] INFO  WearinessExam.exe - =============================     应用程序关闭      ==================================
2018-02-02 22:52:30,892 [10] INFO  WearinessExam.exe - =====================================================================================
2018-02-02 22:52:30,893 [10] INFO  WearinessExam.exe - =============================     应用程序启动      =================================
2018-02-02 22:52:30,893 [10] INFO  WearinessExam.exe - =====================================================================================
2018-02-02 22:52:32,406 [10] INFO  WearinessExam.exe - 用户:admin登录系统.
2018-02-02 22:52:34,327 [6] INFO  WearinessExam.exe - 自检成功!
2018-02-02 22:52:47,181 [10] ERROR WearinessExam.exe - 设备停止失败!
2018-02-02 22:52:47,181 [10] ERROR WearinessExam.exe - 退出系统,关闭设备失败!
2018-02-02 22:52:47,181 [10] INFO  WearinessExam.exe - =============================     应用程序关闭      ==================================
2018-02-02 22:52:57,308 [10] INFO  WearinessExam.exe - =====================================================================================
2018-02-02 22:52:57,309 [10] INFO  WearinessExam.exe - =============================     应用程序启动      =================================
2018-02-02 22:52:57,309 [10] INFO  WearinessExam.exe - =====================================================================================
2018-02-02 22:52:58,923 [10] INFO  WearinessExam.exe - 用户:admin登录系统.
2018-02-02 22:53:00,758 [6] INFO  WearinessExam.exe - 自检成功!
2018-02-02 22:53:22,758 [10] ERROR WearinessExam.exe - 设备停止失败!
2018-02-02 22:53:22,758 [10] ERROR WearinessExam.exe - 退出系统,关闭设备失败!
2018-02-02 22:53:22,758 [10] INFO  WearinessExam.exe - =============================     应用程序关闭      ==================================
