2018-02-07 11:07:19,731 [1] INFO  WearinessExam.exe - =====================================================================================
2018-02-07 11:07:19,732 [1] INFO  WearinessExam.exe - =============================     应用程序启动      =================================
2018-02-07 11:07:19,732 [1] INFO  WearinessExam.exe - =====================================================================================
2018-02-07 11:07:25,857 [1] INFO  WearinessExam.exe - 用户:admin登录系统.
2018-02-07 11:07:28,907 [1] ERROR WearinessExam.exe - 设备停止失败!
2018-02-07 11:07:28,908 [1] ERROR WearinessExam.exe - 退出系统,关闭设备失败!
2018-02-07 11:07:28,908 [1] INFO  WearinessExam.exe - =============================     应用程序关闭      ==================================
2018-02-07 11:17:31,820 [9] INFO  WearinessExam.exe - =====================================================================================
2018-02-07 11:17:31,822 [9] INFO  WearinessExam.exe - =============================     应用程序启动      =================================
2018-02-07 11:17:31,822 [9] INFO  WearinessExam.exe - =====================================================================================
2018-02-07 11:17:34,560 [9] ERROR WearinessExam.exe - 设备停止失败!
2018-02-07 11:17:34,560 [9] ERROR WearinessExam.exe - 退出系统,关闭设备失败!
2018-02-07 11:17:34,560 [9] INFO  WearinessExam.exe - =============================     应用程序关闭      ==================================
2018-02-07 11:18:11,979 [9] INFO  WearinessExam.exe - =====================================================================================
2018-02-07 11:18:11,980 [9] INFO  WearinessExam.exe - =============================     应用程序启动      =================================
2018-02-07 11:18:11,981 [9] INFO  WearinessExam.exe - =====================================================================================
2018-02-07 11:18:19,927 [9] INFO  WearinessExam.exe - 用户:admin登录系统.
2018-02-07 11:18:23,031 [11] INFO  WearinessExam.exe - 自检成功!
2018-02-07 11:18:23,855 [9] ERROR WearinessExam.exe - 设备停止失败!
2018-02-07 11:18:23,856 [9] ERROR WearinessExam.exe - 退出系统,关闭设备失败!
2018-02-07 11:18:23,856 [9] INFO  WearinessExam.exe - =============================     应用程序关闭      ==================================
2018-02-07 11:19:57,980 [9] INFO  WearinessExam.exe - =====================================================================================
2018-02-07 11:19:57,981 [9] INFO  WearinessExam.exe - =============================     应用程序启动      =================================
2018-02-07 11:19:57,981 [9] INFO  WearinessExam.exe - =====================================================================================
2018-02-07 11:20:04,762 [9] ERROR WearinessExam.exe - 设备停止失败!
2018-02-07 11:20:04,762 [9] ERROR WearinessExam.exe - 退出系统,关闭设备失败!
2018-02-07 11:20:04,762 [9] INFO  WearinessExam.exe - =============================     应用程序关闭      ==================================
2018-02-07 11:28:10,238 [9] INFO  WearinessExam.exe - =====================================================================================
2018-02-07 11:28:10,239 [9] INFO  WearinessExam.exe - =============================     应用程序启动      =================================
2018-02-07 11:28:10,239 [9] INFO  WearinessExam.exe - =====================================================================================
2018-02-07 11:28:16,446 [9] INFO  WearinessExam.exe - 用户:admin登录系统.
2018-02-07 11:28:18,548 [11] INFO  WearinessExam.exe - 自检成功!
2018-02-07 11:29:23,195 [9] ERROR WearinessExam.exe - 设备停止失败!
2018-02-07 11:29:23,195 [9] ERROR WearinessExam.exe - 退出系统,关闭设备失败!
2018-02-07 11:29:23,196 [9] INFO  WearinessExam.exe - =============================     应用程序关闭      ==================================
2018-02-07 11:35:43,728 [9] INFO  WearinessExam.exe - =====================================================================================
2018-02-07 11:35:43,728 [9] INFO  WearinessExam.exe - =============================     应用程序启动      =================================
2018-02-07 11:35:43,728 [9] INFO  WearinessExam.exe - =====================================================================================
2018-02-07 11:35:49,266 [9] INFO  WearinessExam.exe - 用户:admin登录系统.
2018-02-07 11:35:51,052 [11] INFO  WearinessExam.exe - 自检成功!
2018-02-07 11:36:19,931 [9] ERROR WearinessExam.exe - 设备停止失败!
2018-02-07 11:36:19,932 [9] ERROR WearinessExam.exe - 退出系统,关闭设备失败!
2018-02-07 11:36:19,932 [9] INFO  WearinessExam.exe - =============================     应用程序关闭      ==================================
2018-02-07 11:36:30,662 [9] INFO  WearinessExam.exe - =====================================================================================
2018-02-07 11:36:30,663 [9] INFO  WearinessExam.exe - =============================     应用程序启动      =================================
2018-02-07 11:36:30,664 [9] INFO  WearinessExam.exe - =====================================================================================
2018-02-07 11:36:41,062 [9] INFO  WearinessExam.exe - 用户:admin登录系统.
2018-02-07 11:36:43,053 [6] INFO  WearinessExam.exe - 自检成功!
2018-02-07 11:37:27,945 [9] ERROR WearinessExam.exe - 设备停止失败!
2018-02-07 11:37:27,945 [9] ERROR WearinessExam.exe - 退出系统,关闭设备失败!
2018-02-07 11:37:27,946 [9] INFO  WearinessExam.exe - =============================     应用程序关闭      ==================================
2018-02-07 11:38:03,777 [9] INFO  WearinessExam.exe - =====================================================================================
2018-02-07 11:38:03,778 [9] INFO  WearinessExam.exe - =============================     应用程序启动      =================================
2018-02-07 11:38:03,778 [9] INFO  WearinessExam.exe - =====================================================================================
2018-02-07 11:38:09,470 [9] INFO  WearinessExam.exe - 用户:admin登录系统.
2018-02-07 11:38:11,175 [11] INFO  WearinessExam.exe - 自检成功!
2018-02-07 11:38:44,983 [9] ERROR WearinessExam.exe - 设备停止失败!
2018-02-07 11:38:44,983 [9] ERROR WearinessExam.exe - 退出系统,关闭设备失败!
2018-02-07 11:38:44,983 [9] INFO  WearinessExam.exe - =============================     应用程序关闭      ==================================
