2018-03-20 19:54:51,574 [9] INFO  WearinessExam.exe - =====================================================================================
2018-03-20 19:54:51,577 [9] INFO  WearinessExam.exe - =============================     应用程序启动      =================================
2018-03-20 19:54:51,577 [9] INFO  WearinessExam.exe - =====================================================================================
2018-03-20 19:55:06,103 [9] INFO  WearinessExam.exe - 用户:admin登录系统.
2018-03-20 19:55:24,173 [11] INFO  WearinessExam.exe - 自检成功!
2018-03-20 19:56:21,363 [9] ERROR WearinessExam.exe - 设备停止失败!
2018-03-20 19:56:21,363 [9] ERROR WearinessExam.exe - 退出系统,关闭设备失败!
2018-03-20 19:56:21,364 [9] INFO  WearinessExam.exe - =============================     应用程序关闭      ==================================
2018-03-20 20:01:50,460 [8] INFO  WearinessExam.exe - =====================================================================================
2018-03-20 20:01:50,461 [8] INFO  WearinessExam.exe - =============================     应用程序启动      =================================
2018-03-20 20:01:50,461 [8] INFO  WearinessExam.exe - =====================================================================================
2018-03-20 20:01:55,560 [8] INFO  WearinessExam.exe - 用户:admin登录系统.
2018-03-20 20:01:57,646 [10] INFO  WearinessExam.exe - 自检成功!
2018-03-20 20:06:23,825 [8] INFO  WearinessExam.exe - 访问用户信息管理画面.
2018-03-20 20:06:46,864 [8] ERROR WearinessExam.exe - 设备停止失败!
2018-03-20 20:06:46,864 [8] ERROR WearinessExam.exe - 退出系统,关闭设备失败!
2018-03-20 20:06:46,864 [8] INFO  WearinessExam.exe - =============================     应用程序关闭      ==================================
2018-03-20 20:08:21,711 [9] INFO  WearinessExam.exe - =====================================================================================
2018-03-20 20:08:21,712 [9] INFO  WearinessExam.exe - =============================     应用程序启动      =================================
2018-03-20 20:08:21,712 [9] INFO  WearinessExam.exe - =====================================================================================
2018-03-20 20:08:27,120 [9] INFO  WearinessExam.exe - 用户:admin登录系统.
2018-03-20 20:08:29,121 [11] INFO  WearinessExam.exe - 自检成功!
2018-03-20 20:09:26,184 [9] ERROR WearinessExam.exe - 设备停止失败!
2018-03-20 20:09:26,184 [9] ERROR WearinessExam.exe - 退出系统,关闭设备失败!
2018-03-20 20:09:26,184 [9] INFO  WearinessExam.exe - =============================     应用程序关闭      ==================================
2018-03-20 20:10:29,017 [9] INFO  WearinessExam.exe - =====================================================================================
2018-03-20 20:10:29,018 [9] INFO  WearinessExam.exe - =============================     应用程序启动      =================================
2018-03-20 20:10:29,018 [9] INFO  WearinessExam.exe - =====================================================================================
2018-03-20 20:10:35,414 [9] INFO  WearinessExam.exe - 用户:admin登录系统.
2018-03-20 20:10:37,180 [11] INFO  WearinessExam.exe - 自检成功!
2018-03-20 20:10:51,035 [9] INFO  WearinessExam.exe - 访问用户信息管理画面.
2018-03-20 20:11:03,529 [9] ERROR WearinessExam.exe - 设备停止失败!
2018-03-20 20:11:03,529 [9] ERROR WearinessExam.exe - 退出系统,关闭设备失败!
2018-03-20 20:11:03,529 [9] INFO  WearinessExam.exe - =============================     应用程序关闭      ==================================
2018-03-20 20:11:14,929 [10] INFO  WearinessExam.exe - =====================================================================================
2018-03-20 20:11:14,930 [10] INFO  WearinessExam.exe - =============================     应用程序启动      =================================
2018-03-20 20:11:14,930 [10] INFO  WearinessExam.exe - =====================================================================================
2018-03-20 20:11:21,145 [10] INFO  WearinessExam.exe - 用户:admin登录系统.
2018-03-20 20:11:23,065 [6] INFO  WearinessExam.exe - 自检成功!
2018-03-20 20:11:51,611 [10] ERROR WearinessExam.exe - 设备停止失败!
2018-03-20 20:11:51,611 [10] ERROR WearinessExam.exe - 退出系统,关闭设备失败!
2018-03-20 20:11:51,611 [10] INFO  WearinessExam.exe - =============================     应用程序关闭      ==================================
2018-03-20 20:21:09,194 [9] INFO  WearinessExam.exe - =====================================================================================
2018-03-20 20:21:09,195 [9] INFO  WearinessExam.exe - =============================     应用程序启动      =================================
2018-03-20 20:21:09,195 [9] INFO  WearinessExam.exe - =====================================================================================
2018-03-20 20:21:14,736 [9] INFO  WearinessExam.exe - 用户:admin登录系统.
2018-03-20 20:21:16,549 [11] INFO  WearinessExam.exe - 自检成功!
2018-03-20 20:21:45,130 [9] ERROR WearinessExam.exe - 设备停止失败!
2018-03-20 20:21:45,130 [9] ERROR WearinessExam.exe - 退出系统,关闭设备失败!
2018-03-20 20:21:45,130 [9] INFO  WearinessExam.exe - =============================     应用程序关闭      ==================================
2018-03-20 20:26:59,102 [9] INFO  WearinessExam.exe - =====================================================================================
2018-03-20 20:26:59,103 [9] INFO  WearinessExam.exe - =============================     应用程序启动      =================================
2018-03-20 20:26:59,103 [9] INFO  WearinessExam.exe - =====================================================================================
2018-03-20 20:27:04,535 [9] INFO  WearinessExam.exe - 用户:admin登录系统.
2018-03-20 20:27:06,454 [11] INFO  WearinessExam.exe - 自检成功!
2018-03-20 20:27:20,122 [9] INFO  WearinessExam.exe - 访问受测员信息管理画面.
2018-03-20 20:27:40,965 [9] ERROR WearinessExam.exe - 设备停止失败!
2018-03-20 20:27:40,965 [9] ERROR WearinessExam.exe - 退出系统,关闭设备失败!
2018-03-20 20:27:40,965 [9] INFO  WearinessExam.exe - =============================     应用程序关闭      ==================================
2018-03-20 20:29:54,799 [9] INFO  WearinessExam.exe - =====================================================================================
2018-03-20 20:29:54,799 [9] INFO  WearinessExam.exe - =============================     应用程序启动      =================================
2018-03-20 20:29:54,799 [9] INFO  WearinessExam.exe - =====================================================================================
2018-03-20 20:30:00,228 [9] INFO  WearinessExam.exe - 用户:admin登录系统.
2018-03-20 20:30:01,972 [11] INFO  WearinessExam.exe - 自检成功!
2018-03-20 20:30:14,078 [9] ERROR WearinessExam.exe - 设备停止失败!
2018-03-20 20:30:14,078 [9] ERROR WearinessExam.exe - 退出系统,关闭设备失败!
2018-03-20 20:30:14,078 [9] INFO  WearinessExam.exe - =============================     应用程序关闭      ==================================
2018-03-20 20:36:15,822 [9] INFO  WearinessExam.exe - =====================================================================================
2018-03-20 20:36:15,823 [9] INFO  WearinessExam.exe - =============================     应用程序启动      =================================
2018-03-20 20:36:15,823 [9] INFO  WearinessExam.exe - =====================================================================================
2018-03-20 20:36:21,449 [9] INFO  WearinessExam.exe - 用户:admin登录系统.
2018-03-20 20:36:23,515 [11] INFO  WearinessExam.exe - 自检成功!
2018-03-20 20:36:38,667 [9] ERROR WearinessExam.exe - 设备停止失败!
2018-03-20 20:36:38,667 [9] ERROR WearinessExam.exe - 退出系统,关闭设备失败!
2018-03-20 20:36:38,667 [9] INFO  WearinessExam.exe - =============================     应用程序关闭      ==================================
2018-03-20 20:38:23,695 [8] INFO  WearinessExam.exe - =====================================================================================
2018-03-20 20:38:23,695 [8] INFO  WearinessExam.exe - =============================     应用程序启动      =================================
2018-03-20 20:38:23,695 [8] INFO  WearinessExam.exe - =====================================================================================
2018-03-20 20:38:29,822 [8] INFO  WearinessExam.exe - 用户:admin登录系统.
2018-03-20 20:38:31,877 [10] INFO  WearinessExam.exe - 自检成功!
2018-03-20 20:38:33,130 [8] INFO  WearinessExam.exe - 访问用户信息管理画面.
2018-03-20 20:51:56,261 [9] INFO  WearinessExam.exe - =====================================================================================
2018-03-20 20:51:56,262 [9] INFO  WearinessExam.exe - =============================     应用程序启动      =================================
2018-03-20 20:51:56,262 [9] INFO  WearinessExam.exe - =====================================================================================
2018-03-20 20:52:02,393 [9] INFO  WearinessExam.exe - 用户:admin登录系统.
2018-03-20 20:52:04,231 [11] INFO  WearinessExam.exe - 自检成功!
2018-03-20 20:52:32,623 [9] ERROR WearinessExam.exe - 设备停止失败!
2018-03-20 20:52:32,624 [9] ERROR WearinessExam.exe - 退出系统,关闭设备失败!
2018-03-20 20:52:32,624 [9] INFO  WearinessExam.exe - =============================     应用程序关闭      ==================================
2018-03-20 20:56:15,139 [9] INFO  WearinessExam.exe - =====================================================================================
2018-03-20 20:56:15,140 [9] INFO  WearinessExam.exe - =============================     应用程序启动      =================================
2018-03-20 20:56:15,140 [9] INFO  WearinessExam.exe - =====================================================================================
2018-03-20 20:56:20,870 [9] INFO  WearinessExam.exe - 用户:admin登录系统.
2018-03-20 20:56:23,847 [6] INFO  WearinessExam.exe - 自检成功!
2018-03-20 20:56:51,462 [9] ERROR WearinessExam.exe - 设备停止失败!
2018-03-20 20:56:51,462 [9] ERROR WearinessExam.exe - 退出系统,关闭设备失败!
2018-03-20 20:56:51,462 [9] INFO  WearinessExam.exe - =============================     应用程序关闭      ==================================
2018-03-20 21:55:51,885 [9] INFO  WearinessExam.exe - =====================================================================================
2018-03-20 21:55:51,886 [9] INFO  WearinessExam.exe - =============================     应用程序启动      =================================
2018-03-20 21:55:51,886 [9] INFO  WearinessExam.exe - =====================================================================================
2018-03-20 21:56:01,144 [9] INFO  WearinessExam.exe - 用户:admin登录系统.
2018-03-20 21:56:03,667 [11] INFO  WearinessExam.exe - 自检成功!
2018-03-20 21:56:35,715 [9] ERROR WearinessExam.exe - 设备停止失败!
2018-03-20 21:56:35,716 [9] ERROR WearinessExam.exe - 退出系统,关闭设备失败!
2018-03-20 21:56:35,716 [9] INFO  WearinessExam.exe - =============================     应用程序关闭      ==================================
2018-03-20 22:27:32,866 [10] INFO  WearinessExam.exe - =====================================================================================
2018-03-20 22:27:32,867 [10] INFO  WearinessExam.exe - =============================     应用程序启动      =================================
2018-03-20 22:27:32,867 [10] INFO  WearinessExam.exe - =====================================================================================
2018-03-20 22:27:38,666 [10] INFO  WearinessExam.exe - 用户:admin登录系统.
2018-03-20 22:27:39,645 [11] INFO  WearinessExam.exe - 自检成功!
2018-03-20 22:27:45,578 [10] ERROR WearinessExam.exe - 设备停止失败!
2018-03-20 22:27:45,578 [10] ERROR WearinessExam.exe - 退出系统,关闭设备失败!
2018-03-20 22:27:45,579 [10] INFO  WearinessExam.exe - =============================     应用程序关闭      ==================================
2018-03-20 22:36:42,104 [9] INFO  WearinessExam.exe - =====================================================================================
2018-03-20 22:36:42,105 [9] INFO  WearinessExam.exe - =============================     应用程序启动      =================================
2018-03-20 22:36:42,105 [9] INFO  WearinessExam.exe - =====================================================================================
2018-03-20 22:36:48,945 [9] INFO  WearinessExam.exe - 用户:admin登录系统.
2018-03-20 22:36:49,850 [11] ERROR WearinessExam.exe - 自检失败!
2018-03-20 22:36:52,553 [9] ERROR WearinessExam.exe - 设备停止失败!
2018-03-20 22:36:52,553 [9] ERROR WearinessExam.exe - 退出系统,关闭设备失败!
2018-03-20 22:36:52,553 [9] INFO  WearinessExam.exe - =============================     应用程序关闭      ==================================
2018-03-20 22:50:07,197 [9] INFO  WearinessExam.exe - =====================================================================================
2018-03-20 22:50:07,198 [9] INFO  WearinessExam.exe - =============================     应用程序启动      =================================
2018-03-20 22:50:07,198 [9] INFO  WearinessExam.exe - =====================================================================================
2018-03-20 22:50:14,077 [9] INFO  WearinessExam.exe - 用户:admin登录系统.
2018-03-20 22:50:14,523 [11] INFO  WearinessExam.exe - disconnectCamera.
2018-03-20 22:50:14,593 [11] INFO  WearinessExam.exe - initCamera.
2018-03-20 22:50:14,994 [11] INFO  WearinessExam.exe - getComPort.
2018-03-20 22:50:16,595 [11] INFO  WearinessExam.exe - OnCommunicate.
2018-03-20 22:50:16,595 [11] INFO  WearinessExam.exe - IsCommflag.
2018-03-20 22:50:16,595 [11] INFO  WearinessExam.exe - QueRen_But2.
2018-03-20 22:50:16,596 [11] INFO  WearinessExam.exe - 自检成功!
2018-03-20 22:51:02,576 [9] ERROR WearinessExam.exe - 设备停止失败!
2018-03-20 22:51:02,576 [9] ERROR WearinessExam.exe - 退出系统,关闭设备失败!
2018-03-20 22:51:02,576 [9] INFO  WearinessExam.exe - =============================     应用程序关闭      ==================================
