2018-09-25 20:29:43,157 [9] INFO  WearinessExam.exe - =====================================================================================
2018-09-25 20:29:43,158 [9] INFO  WearinessExam.exe - =============================     应用程序启动      =================================
2018-09-25 20:29:43,158 [9] INFO  WearinessExam.exe - =====================================================================================
2018-09-25 20:30:25,667 [9] ERROR WearinessExam.exe - 设备停止失败!
2018-09-25 20:30:25,678 [9] ERROR WearinessExam.exe - System.DllNotFoundException: 无法加载 DLL“CffTest.dll”: 找不到指定的模块。 (异常来自 HRESULT:0x8007007E)。
   在 WearinessExam.Examination.CffDllWrapper.ClearOutputBuffer()
   在 WearinessExam.Examination.DeviceFacade.setLight(Int32 colorLight, Int32 Liangheibi, Int32 LDLiangdu, Int32 BJLiangdu, Int32 frequencyLight) 位置 D:\SourceCode\MedicalSystem\WearinessExam\Examination\DeviceFacade.cs:行号 56
   在 WearinessExam.Examination.DeviceFacade.CloseDevices() 位置 D:\SourceCode\MedicalSystem\WearinessExam\Examination\DeviceFacade.cs:行号 703

2018-09-25 20:30:25,679 [9] ERROR WearinessExam.exe - 退出系统,关闭设备失败!
2018-09-25 20:30:25,679 [9] INFO  WearinessExam.exe - =============================     应用程序关闭      ==================================
2018-09-25 20:36:33,850 [9] INFO  WearinessExam.exe - =====================================================================================
2018-09-25 20:36:33,851 [9] INFO  WearinessExam.exe - =============================     应用程序启动      =================================
2018-09-25 20:36:33,851 [9] INFO  WearinessExam.exe - =====================================================================================
2018-09-25 20:37:13,882 [9] ERROR WearinessExam.exe - 设备停止失败!
2018-09-25 20:37:13,888 [9] ERROR WearinessExam.exe - System.DllNotFoundException: 无法加载 DLL“CffTest.dll”: 找不到指定的模块。 (异常来自 HRESULT:0x8007007E)。
   在 WearinessExam.Examination.CffDllWrapper.ClearOutputBuffer()
   在 WearinessExam.Examination.DeviceFacade.setLight(Int32 colorLight, Int32 Liangheibi, Int32 LDLiangdu, Int32 BJLiangdu, Int32 frequencyLight) 位置 D:\SourceCode\MedicalSystem\WearinessExam\Examination\DeviceFacade.cs:行号 56
   在 WearinessExam.Examination.DeviceFacade.CloseDevices() 位置 D:\SourceCode\MedicalSystem\WearinessExam\Examination\DeviceFacade.cs:行号 703

2018-09-25 20:37:13,889 [9] ERROR WearinessExam.exe - 退出系统,关闭设备失败!
2018-09-25 20:37:13,889 [9] INFO  WearinessExam.exe - =============================     应用程序关闭      ==================================
2018-09-25 20:39:52,622 [9] INFO  WearinessExam.exe - =====================================================================================
2018-09-25 20:39:52,623 [9] INFO  WearinessExam.exe - =============================     应用程序启动      =================================
2018-09-25 20:39:52,623 [9] INFO  WearinessExam.exe - =====================================================================================
2018-09-25 20:39:58,364 [9] ERROR WearinessExam.exe - 设备停止失败!
2018-09-25 20:39:58,369 [9] ERROR WearinessExam.exe - System.DllNotFoundException: 无法加载 DLL“CffTest.dll”: 找不到指定的模块。 (异常来自 HRESULT:0x8007007E)。
   在 WearinessExam.Examination.CffDllWrapper.ClearOutputBuffer()
   在 WearinessExam.Examination.DeviceFacade.setLight(Int32 colorLight, Int32 Liangheibi, Int32 LDLiangdu, Int32 BJLiangdu, Int32 frequencyLight) 位置 D:\SourceCode\MedicalSystem\WearinessExam\Examination\DeviceFacade.cs:行号 56
   在 WearinessExam.Examination.DeviceFacade.CloseDevices() 位置 D:\SourceCode\MedicalSystem\WearinessExam\Examination\DeviceFacade.cs:行号 703

2018-09-25 20:39:58,369 [9] ERROR WearinessExam.exe - 退出系统,关闭设备失败!
2018-09-25 20:39:58,369 [9] INFO  WearinessExam.exe - =============================     应用程序关闭      ==================================
2018-09-25 20:42:35,909 [9] INFO  WearinessExam.exe - =====================================================================================
2018-09-25 20:42:35,909 [9] INFO  WearinessExam.exe - =============================     应用程序启动      =================================
2018-09-25 20:42:35,909 [9] INFO  WearinessExam.exe - =====================================================================================
2018-09-25 20:42:45,107 [9] ERROR WearinessExam.exe - 设备停止失败!
2018-09-25 20:42:45,112 [9] ERROR WearinessExam.exe - System.DllNotFoundException: 无法加载 DLL“CffTest.dll”: 找不到指定的模块。 (异常来自 HRESULT:0x8007007E)。
   在 WearinessExam.Examination.CffDllWrapper.ClearOutputBuffer()
   在 WearinessExam.Examination.DeviceFacade.setLight(Int32 colorLight, Int32 Liangheibi, Int32 LDLiangdu, Int32 BJLiangdu, Int32 frequencyLight) 位置 D:\SourceCode\MedicalSystem\WearinessExam\Examination\DeviceFacade.cs:行号 56
   在 WearinessExam.Examination.DeviceFacade.CloseDevices() 位置 D:\SourceCode\MedicalSystem\WearinessExam\Examination\DeviceFacade.cs:行号 703

2018-09-25 20:42:45,112 [9] ERROR WearinessExam.exe - 退出系统,关闭设备失败!
2018-09-25 20:42:45,112 [9] INFO  WearinessExam.exe - =============================     应用程序关闭      ==================================
