2018-02-05 16:40:44,917 [1] INFO  WearinessExam.exe - =====================================================================================
2018-02-05 16:40:44,918 [1] INFO  WearinessExam.exe - =============================     应用程序启动      =================================
2018-02-05 16:40:44,918 [1] INFO  WearinessExam.exe - =====================================================================================
2018-02-05 16:40:53,465 [1] INFO  WearinessExam.exe - 用户:admin登录系统.
2018-02-05 16:40:57,825 [4] INFO  WearinessExam.exe - 自检成功!
2018-02-05 16:40:59,376 [1] ERROR WearinessExam.exe - 设备停止失败!
2018-02-05 16:40:59,377 [1] ERROR WearinessExam.exe - 退出系统,关闭设备失败!
2018-02-05 16:40:59,377 [1] INFO  WearinessExam.exe - =============================     应用程序关闭      ==================================
2018-02-05 16:41:01,293 [1] INFO  WearinessExam.exe - =====================================================================================
2018-02-05 16:41:01,294 [1] INFO  WearinessExam.exe - =============================     应用程序启动      =================================
2018-02-05 16:41:01,294 [1] INFO  WearinessExam.exe - =====================================================================================
2018-02-05 16:41:02,828 [1] INFO  WearinessExam.exe - 用户:admin登录系统.
2018-02-05 16:41:04,961 [4] INFO  WearinessExam.exe - 自检成功!
2018-02-05 16:41:06,209 [1] ERROR WearinessExam.exe - 设备停止失败!
2018-02-05 16:41:06,209 [1] ERROR WearinessExam.exe - 退出系统,关闭设备失败!
2018-02-05 16:41:06,209 [1] INFO  WearinessExam.exe - =============================     应用程序关闭      ==================================
2018-02-05 16:41:09,471 [1] INFO  WearinessExam.exe - =====================================================================================
2018-02-05 16:41:09,473 [1] INFO  WearinessExam.exe - =============================     应用程序启动      =================================
2018-02-05 16:41:09,473 [1] INFO  WearinessExam.exe - =====================================================================================
2018-02-05 16:41:12,543 [1] INFO  WearinessExam.exe - 用户:admin登录系统.
2018-02-05 16:41:15,295 [4] INFO  WearinessExam.exe - 自检成功!
2018-02-05 16:41:17,162 [1] ERROR WearinessExam.exe - 设备停止失败!
2018-02-05 16:41:17,163 [1] ERROR WearinessExam.exe - 退出系统,关闭设备失败!
2018-02-05 16:41:17,163 [1] INFO  WearinessExam.exe - =============================     应用程序关闭      ==================================
