2018-11-13 07:22:52,211 [9] INFO  WearinessExam.exe - =====================================================================================
2018-11-13 07:22:52,213 [9] INFO  WearinessExam.exe - =============================     应用程序启动      =================================
2018-11-13 07:22:52,213 [9] INFO  WearinessExam.exe - =====================================================================================
2018-11-13 07:22:57,650 [9] INFO  WearinessExam.exe - 用户:admin登录系统.
2018-11-13 07:24:10,081 [9] FATAL WearinessExam.exe - “WearinessExam.Examination.DeviceFacade”的类型初始值设定项引发异常。
2018-11-13 07:34:42,734 [8] INFO  WearinessExam.exe - =====================================================================================
2018-11-13 07:34:42,736 [8] INFO  WearinessExam.exe - =============================     应用程序启动      =================================
2018-11-13 07:34:42,736 [8] INFO  WearinessExam.exe - =====================================================================================
2018-11-13 07:34:47,914 [8] INFO  WearinessExam.exe - 用户:admin登录系统.
2018-11-13 07:35:11,826 [8] INFO  WearinessExam.exe - 受测员 ID=P0001 原始数据不存在。
2018-11-13 07:37:14,701 [9] INFO  WearinessExam.exe - =====================================================================================
2018-11-13 07:37:14,703 [9] INFO  WearinessExam.exe - =============================     应用程序启动      =================================
2018-11-13 07:37:14,703 [9] INFO  WearinessExam.exe - =====================================================================================
2018-11-13 07:37:20,086 [9] INFO  WearinessExam.exe - 用户:admin登录系统.
2018-11-13 07:37:38,865 [9] FATAL WearinessExam.exe - “WearinessExam.Examination.DeviceFacade”的类型初始值设定项引发异常。
2018-11-13 07:47:28,144 [10] INFO  WearinessExam.exe - =====================================================================================
2018-11-13 07:47:28,146 [10] INFO  WearinessExam.exe - =============================     应用程序启动      =================================
2018-11-13 07:47:28,146 [10] INFO  WearinessExam.exe - =====================================================================================
2018-11-13 07:47:36,179 [10] FATAL WearinessExam.exe - “WearinessExam.Examination.DeviceFacade”的类型初始值设定项引发异常。
2018-11-13 07:55:35,925 [9] INFO  WearinessExam.exe - =====================================================================================
2018-11-13 07:55:35,927 [9] INFO  WearinessExam.exe - =============================     应用程序启动      =================================
2018-11-13 07:55:35,927 [9] INFO  WearinessExam.exe - =====================================================================================
2018-11-13 07:55:41,332 [9] INFO  WearinessExam.exe - 用户:admin登录系统.
2018-11-13 07:55:59,553 [9] FATAL WearinessExam.exe - “WearinessExam.Examination.DeviceFacade”的类型初始值设定项引发异常。
2018-11-13 07:56:26,334 [9] FATAL WearinessExam.exe - “WearinessExam.Examination.DeviceFacade”的类型初始值设定项引发异常。
2018-11-13 07:56:34,087 [10] INFO  WearinessExam.exe - =====================================================================================
2018-11-13 07:56:34,090 [10] INFO  WearinessExam.exe - =============================     应用程序启动      =================================
2018-11-13 07:56:34,090 [10] INFO  WearinessExam.exe - =====================================================================================
2018-11-13 09:03:18,384 [10] FATAL WearinessExam.exe - “WearinessExam.Examination.DeviceFacade”的类型初始值设定项引发异常。
2018-11-13 09:03:29,608 [10] INFO  WearinessExam.exe - =====================================================================================
2018-11-13 09:03:29,611 [10] INFO  WearinessExam.exe - =============================     应用程序启动      =================================
2018-11-13 09:03:29,611 [10] INFO  WearinessExam.exe - =====================================================================================
2018-11-13 09:03:36,076 [10] INFO  WearinessExam.exe - 用户:admin登录系统.
2018-11-13 09:04:18,121 [10] FATAL WearinessExam.exe - “WearinessExam.Examination.DeviceFacade”的类型初始值设定项引发异常。
