2018-12-06 20:53:22,203 [10] INFO  WearinessExam.exe - =====================================================================================
2018-12-06 20:53:22,205 [10] INFO  WearinessExam.exe - =============================     应用程序启动      =================================
2018-12-06 20:53:22,205 [10] INFO  WearinessExam.exe - =====================================================================================
2018-12-06 20:53:29,070 [10] INFO  WearinessExam.exe - 用户:admin登录系统.
2018-12-06 20:59:17,889 [10] INFO  WearinessExam.exe - 受测员 ID=P0001 原始数据不存在。
2018-12-06 20:59:20,330 [10] INFO  WearinessExam.exe - 受测员 ID=P0001 原始数据不存在。
2018-12-06 20:59:22,773 [10] INFO  WearinessExam.exe - 受测员 ID=P0001 原始数据不存在。
2018-12-06 20:59:23,250 [10] INFO  WearinessExam.exe - 受测员 ID=P0001 原始数据不存在。
2018-12-06 21:09:49,330 [9] INFO  WearinessExam.exe - =====================================================================================
2018-12-06 21:09:49,331 [9] INFO  WearinessExam.exe - =============================     应用程序启动      =================================
2018-12-06 21:09:49,331 [9] INFO  WearinessExam.exe - =====================================================================================
2018-12-06 21:10:03,681 [9] INFO  WearinessExam.exe - 用户:admin登录系统.
2018-12-06 21:10:53,398 [9] INFO  WearinessExam.exe - 受测员 ID=P0001 原始数据不存在。
2018-12-06 21:11:18,803 [9] INFO  WearinessExam.exe - 受测员 ID=P0001 原始数据不存在。
2018-12-06 21:11:21,218 [9] INFO  WearinessExam.exe - 受测员 ID=P0001 原始数据不存在。
2018-12-06 21:11:21,727 [9] INFO  WearinessExam.exe - 受测员 ID=P0001 原始数据不存在。
2018-12-06 21:21:02,498 [9] INFO  WearinessExam.exe - =====================================================================================
2018-12-06 21:21:02,500 [9] INFO  WearinessExam.exe - =============================     应用程序启动      =================================
2018-12-06 21:21:02,500 [9] INFO  WearinessExam.exe - =====================================================================================
2018-12-06 21:21:21,364 [9] INFO  WearinessExam.exe - 用户:admin登录系统.
2018-12-06 21:21:56,092 [9] INFO  WearinessExam.exe - 受测员 ID=P0001 原始数据不存在。
2018-12-06 21:21:58,265 [9] INFO  WearinessExam.exe - 受测员 ID=P0001 原始数据不存在。
2018-12-06 21:22:01,505 [9] INFO  WearinessExam.exe - 受测员 ID=P0001 原始数据不存在。
2018-12-06 21:22:02,222 [9] INFO  WearinessExam.exe - 受测员 ID=P0001 原始数据不存在。
2018-12-06 21:22:43,510 [9] INFO  WearinessExam.exe - 受测员 ID=P0001 原始数据不存在。
2018-12-06 21:33:04,362 [9] INFO  WearinessExam.exe - =====================================================================================
2018-12-06 21:33:04,364 [9] INFO  WearinessExam.exe - =============================     应用程序启动      =================================
2018-12-06 21:33:04,364 [9] INFO  WearinessExam.exe - =====================================================================================
2018-12-06 21:33:15,667 [9] INFO  WearinessExam.exe - 用户:admin登录系统.
2018-12-06 21:33:32,272 [9] INFO  WearinessExam.exe - 受测员 ID=P0001 原始数据不存在。
2018-12-06 21:34:07,973 [9] INFO  WearinessExam.exe - 受测员 ID=P0001 原始数据不存在。
2018-12-06 21:34:14,334 [9] INFO  WearinessExam.exe - 受测员 ID=P0001 原始数据不存在。
2018-12-06 21:34:15,109 [9] INFO  WearinessExam.exe - 受测员 ID=P0001 原始数据不存在。
2018-12-06 21:36:24,899 [9] FATAL WearinessExam.exe - “WearinessExam.Examination.DeviceFacade”的类型初始值设定项引发异常。
2018-12-06 21:36:30,633 [9] FATAL WearinessExam.exe - “WearinessExam.Examination.DeviceFacade”的类型初始值设定项引发异常。
2018-12-06 21:58:39,929 [8] INFO  WearinessExam.exe - =====================================================================================
2018-12-06 21:58:39,931 [8] INFO  WearinessExam.exe - =============================     应用程序启动      =================================
2018-12-06 21:58:39,931 [8] INFO  WearinessExam.exe - =====================================================================================
2018-12-06 21:58:46,727 [8] INFO  WearinessExam.exe - 用户:admin登录系统.
2018-12-06 21:59:10,093 [8] INFO  WearinessExam.exe - 受测员 ID=P0001 原始数据不存在。
2018-12-06 21:59:12,097 [8] INFO  WearinessExam.exe - 受测员 ID=P0001 原始数据不存在。
2018-12-06 21:59:14,425 [8] INFO  WearinessExam.exe - 受测员 ID=P0001 原始数据不存在。
2018-12-06 21:59:15,008 [8] INFO  WearinessExam.exe - 受测员 ID=P0001 原始数据不存在。
2018-12-06 21:59:30,978 [8] FATAL WearinessExam.exe - “WearinessExam.Examination.DeviceFacade”的类型初始值设定项引发异常。
2018-12-06 22:09:30,502 [9] INFO  WearinessExam.exe - =====================================================================================
2018-12-06 22:09:30,504 [9] INFO  WearinessExam.exe - =============================     应用程序启动      =================================
2018-12-06 22:09:30,504 [9] INFO  WearinessExam.exe - =====================================================================================
2018-12-06 22:09:36,474 [9] INFO  WearinessExam.exe - 用户:admin登录系统.
2018-12-06 22:09:51,237 [9] INFO  WearinessExam.exe - 受测员 ID=P0001 原始数据不存在。
2018-12-06 22:09:52,840 [9] INFO  WearinessExam.exe - 受测员 ID=P0001 原始数据不存在。
2018-12-06 22:09:55,225 [9] INFO  WearinessExam.exe - 受测员 ID=P0001 原始数据不存在。
2018-12-06 22:09:56,104 [9] INFO  WearinessExam.exe - 受测员 ID=P0001 原始数据不存在。
2018-12-06 22:10:37,071 [9] FATAL WearinessExam.exe - “WearinessExam.Examination.DeviceFacade”的类型初始值设定项引发异常。
2018-12-06 22:19:04,133 [9] INFO  WearinessExam.exe - =====================================================================================
2018-12-06 22:19:04,135 [9] INFO  WearinessExam.exe - =============================     应用程序启动      =================================
2018-12-06 22:19:04,135 [9] INFO  WearinessExam.exe - =====================================================================================
2018-12-06 22:19:13,288 [9] INFO  WearinessExam.exe - 用户:admin登录系统.
2018-12-06 22:19:27,654 [9] INFO  WearinessExam.exe - 受测员 ID=P0001 原始数据不存在。
2018-12-06 22:19:29,264 [9] INFO  WearinessExam.exe - 受测员 ID=P0001 原始数据不存在。
2018-12-06 22:19:31,554 [9] INFO  WearinessExam.exe - 受测员 ID=P0001 原始数据不存在。
2018-12-06 22:19:32,142 [9] INFO  WearinessExam.exe - 受测员 ID=P0001 原始数据不存在。
2018-12-06 22:19:42,720 [9] FATAL WearinessExam.exe - “WearinessExam.Examination.DeviceFacade”的类型初始值设定项引发异常。
2018-12-06 22:24:33,300 [9] INFO  WearinessExam.exe - =====================================================================================
2018-12-06 22:24:33,303 [9] INFO  WearinessExam.exe - =============================     应用程序启动      =================================
2018-12-06 22:24:33,303 [9] INFO  WearinessExam.exe - =====================================================================================
2018-12-06 22:24:40,110 [9] INFO  WearinessExam.exe - 用户:admin登录系统.
2018-12-06 22:24:57,942 [9] INFO  WearinessExam.exe - 受测员 ID=P0001 原始数据不存在。
2018-12-06 22:24:59,513 [9] INFO  WearinessExam.exe - 受测员 ID=P0001 原始数据不存在。
2018-12-06 22:25:02,149 [9] INFO  WearinessExam.exe - 受测员 ID=P0001 原始数据不存在。
2018-12-06 22:25:02,747 [9] INFO  WearinessExam.exe - 受测员 ID=P0001 原始数据不存在。
2018-12-06 22:27:30,756 [9] FATAL WearinessExam.exe - “WearinessExam.Examination.DeviceFacade”的类型初始值设定项引发异常。
2018-12-06 22:29:29,114 [9] INFO  WearinessExam.exe - =====================================================================================
2018-12-06 22:29:29,116 [9] INFO  WearinessExam.exe - =============================     应用程序启动      =================================
2018-12-06 22:29:29,116 [9] INFO  WearinessExam.exe - =====================================================================================
2018-12-06 22:29:36,416 [9] INFO  WearinessExam.exe - 用户:admin登录系统.
2018-12-06 22:29:56,617 [9] INFO  WearinessExam.exe - 受测员 ID=P0001 原始数据不存在。
2018-12-06 22:29:58,404 [9] INFO  WearinessExam.exe - 受测员 ID=P0001 原始数据不存在。
2018-12-06 22:30:00,683 [9] INFO  WearinessExam.exe - 受测员 ID=P0001 原始数据不存在。
2018-12-06 22:30:01,198 [9] INFO  WearinessExam.exe - 受测员 ID=P0001 原始数据不存在。
2018-12-06 22:30:31,720 [9] FATAL WearinessExam.exe - “WearinessExam.Examination.DeviceFacade”的类型初始值设定项引发异常。
2018-12-06 22:31:08,107 [9] INFO  WearinessExam.exe - =====================================================================================
2018-12-06 22:31:08,110 [9] INFO  WearinessExam.exe - =============================     应用程序启动      =================================
2018-12-06 22:31:08,110 [9] INFO  WearinessExam.exe - =====================================================================================
2018-12-06 22:31:12,996 [9] INFO  WearinessExam.exe - 用户:admin登录系统.
2018-12-06 22:31:26,833 [9] INFO  WearinessExam.exe - 受测员 ID=P0001 原始数据不存在。
2018-12-06 22:31:28,457 [9] INFO  WearinessExam.exe - 受测员 ID=P0001 原始数据不存在。
2018-12-06 22:31:30,913 [9] INFO  WearinessExam.exe - 受测员 ID=P0001 原始数据不存在。
2018-12-06 22:31:31,435 [9] INFO  WearinessExam.exe - 受测员 ID=P0001 原始数据不存在。
2018-12-06 22:31:51,775 [9] FATAL WearinessExam.exe - “WearinessExam.Examination.DeviceFacade”的类型初始值设定项引发异常。
2018-12-06 22:32:59,660 [8] INFO  WearinessExam.exe - =====================================================================================
2018-12-06 22:32:59,662 [8] INFO  WearinessExam.exe - =============================     应用程序启动      =================================
2018-12-06 22:32:59,662 [8] INFO  WearinessExam.exe - =====================================================================================
2018-12-06 22:33:05,726 [8] INFO  WearinessExam.exe - 用户:admin登录系统.
2018-12-06 22:33:19,639 [8] INFO  WearinessExam.exe - 受测员 ID=P0001 原始数据不存在。
2018-12-06 22:33:21,380 [8] INFO  WearinessExam.exe - 受测员 ID=P0001 原始数据不存在。
2018-12-06 22:33:23,812 [8] INFO  WearinessExam.exe - 受测员 ID=P0001 原始数据不存在。
2018-12-06 22:33:24,516 [8] INFO  WearinessExam.exe - 受测员 ID=P0001 原始数据不存在。
2018-12-06 22:34:13,655 [8] FATAL WearinessExam.exe - “WearinessExam.Examination.DeviceFacade”的类型初始值设定项引发异常。
2018-12-06 22:34:33,750 [9] INFO  WearinessExam.exe - =====================================================================================
2018-12-06 22:34:33,751 [9] INFO  WearinessExam.exe - =============================     应用程序启动      =================================
2018-12-06 22:34:33,751 [9] INFO  WearinessExam.exe - =====================================================================================
2018-12-06 22:34:40,045 [9] INFO  WearinessExam.exe - 用户:admin登录系统.
2018-12-06 22:34:53,217 [9] INFO  WearinessExam.exe - 受测员 ID=P0001 原始数据不存在。
2018-12-06 22:34:54,987 [9] INFO  WearinessExam.exe - 受测员 ID=P0001 原始数据不存在。
2018-12-06 22:34:57,333 [9] INFO  WearinessExam.exe - 受测员 ID=P0001 原始数据不存在。
2018-12-06 22:34:57,861 [9] INFO  WearinessExam.exe - 受测员 ID=P0001 原始数据不存在。
2018-12-06 22:35:09,251 [9] FATAL WearinessExam.exe - “WearinessExam.Examination.DeviceFacade”的类型初始值设定项引发异常。
